

times in msec
 clock   self+sourced   self:  sourced script
 clock   elapsed:              other lines

000.007  000.007: --- NVIM STARTING ---
000.171  000.164: event init
000.248  000.076: early init
000.292  000.045: locale set
000.360  000.068: init first window
000.608  000.248: inits 1
000.618  000.010: window checked
000.621  000.002: parsing arguments
001.078  000.034  000.034: require('vim.shared')
001.161  000.039  000.039: require('vim.inspect')
001.200  000.029  000.029: require('vim._options')
001.201  000.120  000.051: require('vim._editor')
001.202  000.268  000.113: require('vim._init_packages')
001.203  000.315: init lua interpreter
001.256  000.053: expanding arguments
001.272  000.015: inits 2
001.508  000.237: init highlight
001.509  000.001: waiting for UI
002.641  001.132: done waiting for UI
002.646  000.004: clear screen
002.659  000.006  000.006: require('vim.keymap')
002.822  000.170: init default mappings & autocommands
004.073  000.419  000.419: sourcing /tmp/.mount_nvim93y8U8/usr/share/nvim/runtime/ftplugin.vim
005.358  000.484  000.484: sourcing /tmp/.mount_nvim93y8U8/usr/share/nvim/runtime/indent.vim
006.960  000.731  000.731: require('lazy')
006.990  001.476  000.744: sourcing /home/oxhart/.config/nvim-lazy/init.lua
006.995  001.794: sourcing vimrc file(s)
007.884  000.721  000.721: sourcing /tmp/.mount_nvim93y8U8/usr/share/nvim/runtime/filetype.lua
008.543  000.087  000.087: sourcing /tmp/.mount_nvim93y8U8/usr/share/nvim/runtime/syntax/synload.vim
008.754  000.702  000.615: sourcing /tmp/.mount_nvim93y8U8/usr/share/nvim/runtime/syntax/syntax.vim
010.361  000.525  000.525: sourcing /tmp/.mount_nvim93y8U8/usr/share/nvim/runtime/plugin/gzip.vim
011.529  000.556  000.556: sourcing /tmp/.mount_nvim93y8U8/usr/share/nvim/runtime/pack/dist/opt/matchit/plugin/matchit.vim
011.647  001.239  000.683: sourcing /tmp/.mount_nvim93y8U8/usr/share/nvim/runtime/plugin/matchit.vim
011.809  000.133  000.133: sourcing /tmp/.mount_nvim93y8U8/usr/share/nvim/runtime/plugin/matchparen.vim
012.110  000.267  000.267: sourcing /tmp/.mount_nvim93y8U8/usr/share/nvim/runtime/plugin/netrwPlugin.vim
012.290  000.139  000.139: sourcing /tmp/.mount_nvim93y8U8/usr/share/nvim/runtime/plugin/rplugin.vim
012.503  000.176  000.176: sourcing /tmp/.mount_nvim93y8U8/usr/share/nvim/runtime/plugin/shada.vim
012.573  000.031  000.031: sourcing /tmp/.mount_nvim93y8U8/usr/share/nvim/runtime/plugin/spellfile.vim
012.705  000.097  000.097: sourcing /tmp/.mount_nvim93y8U8/usr/share/nvim/runtime/plugin/tarPlugin.vim
012.835  000.090  000.090: sourcing /tmp/.mount_nvim93y8U8/usr/share/nvim/runtime/plugin/tohtml.vim
012.893  000.024  000.024: sourcing /tmp/.mount_nvim93y8U8/usr/share/nvim/runtime/plugin/tutor.vim
013.063  000.136  000.136: sourcing /tmp/.mount_nvim93y8U8/usr/share/nvim/runtime/plugin/zipPlugin.vim
013.178  000.064  000.064: sourcing /tmp/.mount_nvim93y8U8/usr/share/nvim/runtime/plugin/editorconfig.lua
013.286  000.074  000.074: sourcing /tmp/.mount_nvim93y8U8/usr/share/nvim/runtime/plugin/man.lua
013.386  000.067  000.067: sourcing /tmp/.mount_nvim93y8U8/usr/share/nvim/runtime/plugin/nvim.lua
013.427  001.946: loading rtp plugins
013.666  000.239: loading packages
014.342  000.676: loading after plugins
014.351  000.009: inits 3
015.942  001.590: reading ShaDa
016.106  000.164: opening buffers
016.123  000.017: BufEnter autocommands
016.125  000.002: editing files in windows
016.198  000.073: VimEnter autocommands
016.201  000.003: UIEnter autocommands
016.203  000.001: before starting main loop
016.301  000.098: first screen update
016.302  000.001: --- NVIM STARTED ---


times in msec
 clock   self+sourced   self:  sourced script
 clock   elapsed:              other lines

000.013  000.013: --- NVIM STARTING ---
009.722  009.710: event init
017.445  007.723: early init
017.497  000.052: locale set
021.842  004.344: init first window
028.881  007.040: inits 1
028.898  000.017: window checked
028.901  000.003: parsing arguments
033.534  000.071  000.071: require('vim.shared')
034.696  000.067  000.067: require('vim.inspect')
034.770  000.057  000.057: require('vim._options')
034.773  001.233  001.110: require('vim._editor')
034.775  001.417  000.113: require('vim._init_packages')
034.778  004.460: init lua interpreter
035.692  000.913: expanding arguments
035.746  000.054: inits 2
036.236  000.490: init highlight
