1676251393.699642 client started (387477): version 3.3a, socket /tmp/tmux-1000/default, protocol 8
1676251393.699655 on Linux 6.1.10-arch1-1 #1 SMP PREEMPT_DYNAMIC Mon, 06 Feb 2023 09:28:04 +0000
1676251393.699657 using libevent 2.1.12-stable (poll); ncurses 6.4
1676251393.699665 flags are 0x10010000
1676251393.699667 socket is /tmp/tmux-1000/default
1676251393.699673 trying connect
1676251393.699702 add peer 0x5610b7492be0: 6 ((nil))
1676251393.699863 sending message 100 to peer 0x5610b7492be0 (4 bytes)
1676251393.699869 sending message 111 to peer 0x5610b7492be0 (8 bytes)
1676251393.699872 sending message 101 to peer 0x5610b7492be0 (15 bytes)
1676251393.699875 sending message 109 to peer 0x5610b7492be0 (4 bytes)
1676251393.699878 sending message 102 to peer 0x5610b7492be0 (11 bytes)
1676251393.699880 sending message 108 to peer 0x5610b7492be0 (74 bytes)
1676251393.699883 sending message 112 to peer 0x5610b7492be0 (58 bytes)
1676251393.699886 sending message 112 to peer 0x5610b7492be0 (5 bytes)
1676251393.699889 sending message 112 to peer 0x5610b7492be0 (5 bytes)
1676251393.699892 sending message 112 to peer 0x5610b7492be0 (6 bytes)
1676251393.699894 sending message 112 to peer 0x5610b7492be0 (6 bytes)
1676251393.699897 sending message 112 to peer 0x5610b7492be0 (11 bytes)
1676251393.699899 sending message 112 to peer 0x5610b7492be0 (10 bytes)
1676251393.699902 sending message 112 to peer 0x5610b7492be0 (13 bytes)
1676251393.699904 sending message 112 to peer 0x5610b7492be0 (14 bytes)
1676251393.699906 sending message 112 to peer 0x5610b7492be0 (19 bytes)
1676251393.699909 sending message 112 to peer 0x5610b7492be0 (11 bytes)
1676251393.699911 sending message 112 to peer 0x5610b7492be0 (10 bytes)
1676251393.699914 sending message 112 to peer 0x5610b7492be0 (15 bytes)
1676251393.699916 sending message 112 to peer 0x5610b7492be0 (21 bytes)
1676251393.699918 sending message 112 to peer 0x5610b7492be0 (13 bytes)
1676251393.699921 sending message 112 to peer 0x5610b7492be0 (7 bytes)
1676251393.699923 sending message 112 to peer 0x5610b7492be0 (13 bytes)
1676251393.699926 sending message 112 to peer 0x5610b7492be0 (7 bytes)
1676251393.699928 sending message 112 to peer 0x5610b7492be0 (13 bytes)
1676251393.699930 sending message 112 to peer 0x5610b7492be0 (9 bytes)
1676251393.699933 sending message 112 to peer 0x5610b7492be0 (21 bytes)
1676251393.699935 sending message 112 to peer 0x5610b7492be0 (13 bytes)
1676251393.699937 sending message 112 to peer 0x5610b7492be0 (9 bytes)
1676251393.699940 sending message 112 to peer 0x5610b7492be0 (16 bytes)
1676251393.699942 sending message 112 to peer 0x5610b7492be0 (13 bytes)
1676251393.699945 sending message 112 to peer 0x5610b7492be0 (9 bytes)
1676251393.699947 sending message 112 to peer 0x5610b7492be0 (9 bytes)
1676251393.699950 sending message 112 to peer 0x5610b7492be0 (12 bytes)
1676251393.699952 sending message 112 to peer 0x5610b7492be0 (8 bytes)
1676251393.699955 sending message 112 to peer 0x5610b7492be0 (8 bytes)
1676251393.699958 sending message 112 to peer 0x5610b7492be0 (13 bytes)
1676251393.699961 sending message 112 to peer 0x5610b7492be0 (7 bytes)
1676251393.699963 sending message 112 to peer 0x5610b7492be0 (7 bytes)
1676251393.699966 sending message 112 to peer 0x5610b7492be0 (9 bytes)
1676251393.699968 sending message 112 to peer 0x5610b7492be0 (9 bytes)
1676251393.699970 sending message 112 to peer 0x5610b7492be0 (15 bytes)
1676251393.699973 sending message 112 to peer 0x5610b7492be0 (13 bytes)
1676251393.699975 sending message 112 to peer 0x5610b7492be0 (12 bytes)
1676251393.699978 sending message 112 to peer 0x5610b7492be0 (8 bytes)
1676251393.699980 sending message 112 to peer 0x5610b7492be0 (14 bytes)
1676251393.699982 sending message 112 to peer 0x5610b7492be0 (11 bytes)
1676251393.699985 sending message 112 to peer 0x5610b7492be0 (9 bytes)
1676251393.699987 sending message 112 to peer 0x5610b7492be0 (10 bytes)
1676251393.699989 sending message 112 to peer 0x5610b7492be0 (10 bytes)
1676251393.699992 sending message 112 to peer 0x5610b7492be0 (10 bytes)
1676251393.699995 sending message 112 to peer 0x5610b7492be0 (10 bytes)
1676251393.700001 sending message 112 to peer 0x5610b7492be0 (11 bytes)
1676251393.700004 sending message 112 to peer 0x5610b7492be0 (12 bytes)
1676251393.700007 sending message 112 to peer 0x5610b7492be0 (12 bytes)
1676251393.700009 sending message 112 to peer 0x5610b7492be0 (12 bytes)
1676251393.700011 sending message 112 to peer 0x5610b7492be0 (12 bytes)
1676251393.700014 sending message 112 to peer 0x5610b7492be0 (12 bytes)
1676251393.700016 sending message 112 to peer 0x5610b7492be0 (11 bytes)
1676251393.700019 sending message 112 to peer 0x5610b7492be0 (11 bytes)
1676251393.700022 sending message 112 to peer 0x5610b7492be0 (12 bytes)
1676251393.700024 sending message 112 to peer 0x5610b7492be0 (12 bytes)
1676251393.700026 sending message 112 to peer 0x5610b7492be0 (12 bytes)
1676251393.700029 sending message 112 to peer 0x5610b7492be0 (12 bytes)
1676251393.700032 sending message 112 to peer 0x5610b7492be0 (12 bytes)
1676251393.700034 sending message 112 to peer 0x5610b7492be0 (9 bytes)
1676251393.700037 sending message 112 to peer 0x5610b7492be0 (12 bytes)
1676251393.700039 sending message 112 to peer 0x5610b7492be0 (13 bytes)
1676251393.700042 sending message 112 to peer 0x5610b7492be0 (13 bytes)
1676251393.700045 sending message 112 to peer 0x5610b7492be0 (13 bytes)
1676251393.700047 sending message 112 to peer 0x5610b7492be0 (13 bytes)
1676251393.700050 sending message 112 to peer 0x5610b7492be0 (13 bytes)
1676251393.700052 sending message 112 to peer 0x5610b7492be0 (8 bytes)
1676251393.700055 sending message 112 to peer 0x5610b7492be0 (11 bytes)
1676251393.700058 sending message 112 to peer 0x5610b7492be0 (11 bytes)
1676251393.700060 sending message 112 to peer 0x5610b7492be0 (11 bytes)
1676251393.700063 sending message 112 to peer 0x5610b7492be0 (12 bytes)
1676251393.700065 sending message 112 to peer 0x5610b7492be0 (12 bytes)
1676251393.700068 sending message 112 to peer 0x5610b7492be0 (12 bytes)
1676251393.700071 sending message 112 to peer 0x5610b7492be0 (12 bytes)
1676251393.700073 sending message 112 to peer 0x5610b7492be0 (13 bytes)
1676251393.700075 sending message 112 to peer 0x5610b7492be0 (13 bytes)
1676251393.700078 sending message 112 to peer 0x5610b7492be0 (13 bytes)
1676251393.700081 sending message 112 to peer 0x5610b7492be0 (8 bytes)
1676251393.700083 sending message 112 to peer 0x5610b7492be0 (13 bytes)
1676251393.700086 sending message 112 to peer 0x5610b7492be0 (13 bytes)
1676251393.700089 sending message 112 to peer 0x5610b7492be0 (13 bytes)
1676251393.700091 sending message 112 to peer 0x5610b7492be0 (13 bytes)
1676251393.700094 sending message 112 to peer 0x5610b7492be0 (13 bytes)
1676251393.700097 sending message 112 to peer 0x5610b7492be0 (12 bytes)
1676251393.700099 sending message 112 to peer 0x5610b7492be0 (12 bytes)
1676251393.700102 sending message 112 to peer 0x5610b7492be0 (12 bytes)
1676251393.700105 sending message 112 to peer 0x5610b7492be0 (12 bytes)
1676251393.700107 sending message 112 to peer 0x5610b7492be0 (13 bytes)
1676251393.700110 sending message 112 to peer 0x5610b7492be0 (8 bytes)
1676251393.700112 sending message 112 to peer 0x5610b7492be0 (13 bytes)
1676251393.700115 sending message 112 to peer 0x5610b7492be0 (13 bytes)
1676251393.700117 sending message 112 to peer 0x5610b7492be0 (13 bytes)
1676251393.700120 sending message 112 to peer 0x5610b7492be0 (13 bytes)
1676251393.700123 sending message 112 to peer 0x5610b7492be0 (13 bytes)
1676251393.700125 sending message 112 to peer 0x5610b7492be0 (13 bytes)
1676251393.700127 sending message 112 to peer 0x5610b7492be0 (13 bytes)
1676251393.700130 sending message 112 to peer 0x5610b7492be0 (12 bytes)
1676251393.700133 sending message 112 to peer 0x5610b7492be0 (12 bytes)
1676251393.700135 sending message 112 to peer 0x5610b7492be0 (12 bytes)
1676251393.700138 sending message 112 to peer 0x5610b7492be0 (8 bytes)
1676251393.700140 sending message 112 to peer 0x5610b7492be0 (12 bytes)
1676251393.700143 sending message 112 to peer 0x5610b7492be0 (13 bytes)
1676251393.700145 sending message 112 to peer 0x5610b7492be0 (13 bytes)
1676251393.700150 sending message 112 to peer 0x5610b7492be0 (13 bytes)
1676251393.700153 sending message 112 to peer 0x5610b7492be0 (13 bytes)
1676251393.700155 sending message 112 to peer 0x5610b7492be0 (13 bytes)
1676251393.700158 sending message 112 to peer 0x5610b7492be0 (13 bytes)
1676251393.700161 sending message 112 to peer 0x5610b7492be0 (13 bytes)
1676251393.700163 sending message 112 to peer 0x5610b7492be0 (13 bytes)
1676251393.700166 sending message 112 to peer 0x5610b7492be0 (12 bytes)
1676251393.700169 sending message 112 to peer 0x5610b7492be0 (10 bytes)
1676251393.700171 sending message 112 to peer 0x5610b7492be0 (12 bytes)
1676251393.700174 sending message 112 to peer 0x5610b7492be0 (12 bytes)
1676251393.700176 sending message 112 to peer 0x5610b7492be0 (12 bytes)
1676251393.700179 sending message 112 to peer 0x5610b7492be0 (13 bytes)
1676251393.700182 sending message 112 to peer 0x5610b7492be0 (13 bytes)
1676251393.700184 sending message 112 to peer 0x5610b7492be0 (13 bytes)
1676251393.700187 sending message 112 to peer 0x5610b7492be0 (13 bytes)
1676251393.700189 sending message 112 to peer 0x5610b7492be0 (13 bytes)
1676251393.700192 sending message 112 to peer 0x5610b7492be0 (13 bytes)
1676251393.700195 sending message 112 to peer 0x5610b7492be0 (13 bytes)
1676251393.700198 sending message 112 to peer 0x5610b7492be0 (10 bytes)
1676251393.700200 sending message 112 to peer 0x5610b7492be0 (13 bytes)
1676251393.700202 sending message 112 to peer 0x5610b7492be0 (12 bytes)
1676251393.700206 sending message 112 to peer 0x5610b7492be0 (12 bytes)
1676251393.700208 sending message 112 to peer 0x5610b7492be0 (12 bytes)
1676251393.700211 sending message 112 to peer 0x5610b7492be0 (10 bytes)
1676251393.700214 sending message 112 to peer 0x5610b7492be0 (10 bytes)
1676251393.700216 sending message 112 to peer 0x5610b7492be0 (10 bytes)
1676251393.700219 sending message 112 to peer 0x5610b7492be0 (12 bytes)
1676251393.700221 sending message 112 to peer 0x5610b7492be0 (13 bytes)
1676251393.700224 sending message 112 to peer 0x5610b7492be0 (13 bytes)
1676251393.700227 sending message 112 to peer 0x5610b7492be0 (13 bytes)
1676251393.700229 sending message 112 to peer 0x5610b7492be0 (13 bytes)
1676251393.700232 sending message 112 to peer 0x5610b7492be0 (13 bytes)
1676251393.700235 sending message 112 to peer 0x5610b7492be0 (10 bytes)
1676251393.700237 sending message 112 to peer 0x5610b7492be0 (11 bytes)
1676251393.700240 sending message 112 to peer 0x5610b7492be0 (12 bytes)
1676251393.700243 sending message 112 to peer 0x5610b7492be0 (12 bytes)
1676251393.700245 sending message 112 to peer 0x5610b7492be0 (12 bytes)
1676251393.700248 sending message 112 to peer 0x5610b7492be0 (12 bytes)
1676251393.700251 sending message 112 to peer 0x5610b7492be0 (12 bytes)
1676251393.700253 sending message 112 to peer 0x5610b7492be0 (11 bytes)
1676251393.700255 sending message 112 to peer 0x5610b7492be0 (12 bytes)
1676251393.700258 sending message 112 to peer 0x5610b7492be0 (12 bytes)
1676251393.700261 sending message 112 to peer 0x5610b7492be0 (13 bytes)
1676251393.700263 sending message 112 to peer 0x5610b7492be0 (13 bytes)
1676251393.700266 sending message 112 to peer 0x5610b7492be0 (13 bytes)
1676251393.700268 sending message 112 to peer 0x5610b7492be0 (13 bytes)
1676251393.700271 sending message 112 to peer 0x5610b7492be0 (13 bytes)
1676251393.700274 sending message 112 to peer 0x5610b7492be0 (10 bytes)
1676251393.700276 sending message 112 to peer 0x5610b7492be0 (9 bytes)
1676251393.700279 sending message 112 to peer 0x5610b7492be0 (12 bytes)
1676251393.700281 sending message 112 to peer 0x5610b7492be0 (13 bytes)
1676251393.700284 sending message 112 to peer 0x5610b7492be0 (13 bytes)
1676251393.700287 sending message 112 to peer 0x5610b7492be0 (13 bytes)
1676251393.700289 sending message 112 to peer 0x5610b7492be0 (13 bytes)
1676251393.700292 sending message 112 to peer 0x5610b7492be0 (13 bytes)
1676251393.700294 sending message 112 to peer 0x5610b7492be0 (9 bytes)
1676251393.700299 sending message 112 to peer 0x5610b7492be0 (12 bytes)
1676251393.700301 sending message 112 to peer 0x5610b7492be0 (13 bytes)
1676251393.700304 sending message 112 to peer 0x5610b7492be0 (13 bytes)
1676251393.700307 sending message 112 to peer 0x5610b7492be0 (13 bytes)
1676251393.700310 sending message 112 to peer 0x5610b7492be0 (13 bytes)
1676251393.700312 sending message 112 to peer 0x5610b7492be0 (13 bytes)
1676251393.700315 sending message 112 to peer 0x5610b7492be0 (11 bytes)
1676251393.700317 sending message 112 to peer 0x5610b7492be0 (12 bytes)
1676251393.700320 sending message 112 to peer 0x5610b7492be0 (13 bytes)
1676251393.700323 sending message 112 to peer 0x5610b7492be0 (13 bytes)
1676251393.700325 sending message 112 to peer 0x5610b7492be0 (13 bytes)
1676251393.700328 sending message 112 to peer 0x5610b7492be0 (13 bytes)
1676251393.700330 sending message 112 to peer 0x5610b7492be0 (13 bytes)
1676251393.700333 sending message 112 to peer 0x5610b7492be0 (11 bytes)
1676251393.700335 sending message 112 to peer 0x5610b7492be0 (12 bytes)
1676251393.700338 sending message 112 to peer 0x5610b7492be0 (12 bytes)
1676251393.700341 sending message 112 to peer 0x5610b7492be0 (12 bytes)
1676251393.700343 sending message 112 to peer 0x5610b7492be0 (12 bytes)
1676251393.700346 sending message 112 to peer 0x5610b7492be0 (12 bytes)
1676251393.700348 sending message 112 to peer 0x5610b7492be0 (21 bytes)
1676251393.700351 sending message 112 to peer 0x5610b7492be0 (12 bytes)
1676251393.700353 sending message 112 to peer 0x5610b7492be0 (9 bytes)
1676251393.700356 sending message 112 to peer 0x5610b7492be0 (6 bytes)
1676251393.700359 sending message 112 to peer 0x5610b7492be0 (13 bytes)
1676251393.700362 sending message 112 to peer 0x5610b7492be0 (10 bytes)
1676251393.700364 sending message 112 to peer 0x5610b7492be0 (24 bytes)
1676251393.700367 sending message 112 to peer 0x5610b7492be0 (13 bytes)
1676251393.700369 sending message 112 to peer 0x5610b7492be0 (9 bytes)
1676251393.700372 sending message 112 to peer 0x5610b7492be0 (70 bytes)
1676251393.700375 sending message 112 to peer 0x5610b7492be0 (69 bytes)
1676251393.700377 sending message 112 to peer 0x5610b7492be0 (12 bytes)
1676251393.700379 sending message 112 to peer 0x5610b7492be0 (10 bytes)
1676251393.700382 sending message 112 to peer 0x5610b7492be0 (10 bytes)
1676251393.700385 sending message 112 to peer 0x5610b7492be0 (24 bytes)
1676251393.700387 sending message 112 to peer 0x5610b7492be0 (13 bytes)
1676251393.700390 sending message 112 to peer 0x5610b7492be0 (10 bytes)
1676251393.700393 sending message 112 to peer 0x5610b7492be0 (10 bytes)
1676251393.700395 sending message 112 to peer 0x5610b7492be0 (10 bytes)
1676251393.700398 sending message 112 to peer 0x5610b7492be0 (13 bytes)
1676251393.700400 sending message 112 to peer 0x5610b7492be0 (15 bytes)
1676251393.700403 sending message 112 to peer 0x5610b7492be0 (5 bytes)
1676251393.700406 sending message 104 to peer 0x5610b7492be0 (0 bytes)
1676251393.700408 sending message 110 to peer 0x5610b7492be0 (0 bytes)
1676251393.700411 sending message 107 to peer 0x5610b7492be0 (4 bytes)
1676251393.700414 sending message 105 to peer 0x5610b7492be0 (20 bytes)
1676251393.700417 sending message 105 to peer 0x5610b7492be0 (54 bytes)
1676251393.700419 sending message 105 to peer 0x5610b7492be0 (50 bytes)
1676251393.700422 sending message 105 to peer 0x5610b7492be0 (24 bytes)
1676251393.700425 sending message 105 to peer 0x5610b7492be0 (11 bytes)
1676251393.700427 sending message 105 to peer 0x5610b7492be0 (14 bytes)
1676251393.700430 sending message 105 to peer 0x5610b7492be0 (51 bytes)
1676251393.700433 sending message 105 to peer 0x5610b7492be0 (18 bytes)
1676251393.700435 sending message 105 to peer 0x5610b7492be0 (38 bytes)
1676251393.700438 sending message 105 to peer 0x5610b7492be0 (17 bytes)
1676251393.700441 sending message 105 to peer 0x5610b7492be0 (60 bytes)
1676251393.700443 sending message 105 to peer 0x5610b7492be0 (18 bytes)
1676251393.700446 sending message 105 to peer 0x5610b7492be0 (17 bytes)
1676251393.700451 sending message 105 to peer 0x5610b7492be0 (8 bytes)
1676251393.700453 sending message 105 to peer 0x5610b7492be0 (15 bytes)
1676251393.700456 sending message 105 to peer 0x5610b7492be0 (32 bytes)
1676251393.700459 sending message 105 to peer 0x5610b7492be0 (1764 bytes)
1676251393.700466 sending message 105 to peer 0x5610b7492be0 (28 bytes)
1676251393.700469 sending message 105 to peer 0x5610b7492be0 (15 bytes)
1676251393.700471 sending message 105 to peer 0x5610b7492be0 (41 bytes)
1676251393.700475 sending message 105 to peer 0x5610b7492be0 (17 bytes)
1676251393.700477 sending message 105 to peer 0x5610b7492be0 (35 bytes)
1676251393.700481 sending message 105 to peer 0x5610b7492be0 (81 bytes)
1676251393.700483 sending message 105 to peer 0x5610b7492be0 (10 bytes)
1676251393.700486 sending message 105 to peer 0x5610b7492be0 (12 bytes)
1676251393.700488 sending message 105 to peer 0x5610b7492be0 (11 bytes)
1676251393.700491 sending message 105 to peer 0x5610b7492be0 (50 bytes)
1676251393.700494 sending message 105 to peer 0x5610b7492be0 (384 bytes)
1676251393.700496 sending message 105 to peer 0x5610b7492be0 (78 bytes)
1676251393.700499 sending message 105 to peer 0x5610b7492be0 (32 bytes)
1676251393.700502 sending message 105 to peer 0x5610b7492be0 (19 bytes)
1676251393.700505 sending message 105 to peer 0x5610b7492be0 (8 bytes)
1676251393.700507 sending message 105 to peer 0x5610b7492be0 (20 bytes)
1676251393.700510 sending message 105 to peer 0x5610b7492be0 (33 bytes)
1676251393.700512 sending message 105 to peer 0x5610b7492be0 (18 bytes)
1676251393.700515 sending message 105 to peer 0x5610b7492be0 (26 bytes)
1676251393.700518 sending message 105 to peer 0x5610b7492be0 (37 bytes)
1676251393.700520 sending message 105 to peer 0x5610b7492be0 (13 bytes)
1676251393.700523 sending message 105 to peer 0x5610b7492be0 (53 bytes)
1676251393.700525 sending message 105 to peer 0x5610b7492be0 (19 bytes)
1676251393.700528 sending message 105 to peer 0x5610b7492be0 (12 bytes)
1676251393.700531 sending message 105 to peer 0x5610b7492be0 (14 bytes)
1676251393.700534 sending message 105 to peer 0x5610b7492be0 (17 bytes)
1676251393.700536 sending message 105 to peer 0x5610b7492be0 (36 bytes)
1676251393.700539 sending message 105 to peer 0x5610b7492be0 (21 bytes)
1676251393.700541 sending message 105 to peer 0x5610b7492be0 (144 bytes)
1676251393.700544 sending message 105 to peer 0x5610b7492be0 (31 bytes)
1676251393.700547 sending message 105 to peer 0x5610b7492be0 (15 bytes)
1676251393.700549 sending message 105 to peer 0x5610b7492be0 (52 bytes)
1676251393.700552 sending message 105 to peer 0x5610b7492be0 (23 bytes)
1676251393.700555 sending message 105 to peer 0x5610b7492be0 (21 bytes)
1676251393.700557 sending message 105 to peer 0x5610b7492be0 (17 bytes)
1676251393.700560 sending message 105 to peer 0x5610b7492be0 (58 bytes)
1676251393.700562 sending message 105 to peer 0x5610b7492be0 (21 bytes)
1676251393.700565 sending message 105 to peer 0x5610b7492be0 (11 bytes)
1676251393.700568 sending message 105 to peer 0x5610b7492be0 (28 bytes)
1676251393.700571 sending message 105 to peer 0x5610b7492be0 (16 bytes)
1676251393.700573 sending message 105 to peer 0x5610b7492be0 (20 bytes)
1676251393.700576 sending message 106 to peer 0x5610b7492be0 (0 bytes)
1676251393.700606 sending message 200 to peer 0x5610b7492be0 (4 bytes)
1676251393.700609 client loop enter
1676251393.702020 peer 0x5610b7492be0 message 303
1676251393.702028 open write file 2 -
1676251393.702033 sending message 305 to peer 0x5610b7492be0 (8 bytes)
1676251393.702044 write check file 2
1676251393.702102 peer 0x5610b7492be0 message 304
1676251393.702105 write 58 to file 2
1676251393.702108 peer 0x5610b7492be0 message 203
1676251393.702111 file 2 58 bytes left
1676251393.702117 write check file 2
1676251393.702121 client loop exit
