[20:45:58.228] Global cache location '/home/oxhart/.cache/typescript/5.1', safe file path '/usr/lib/node_modules/typescript/lib/typingSafeList.json', types map path /usr/lib/node_modules/typescript/lib/typesMap.json
[20:45:58.251] Processing cache location '/home/oxhart/.cache/typescript/5.1'
[20:45:58.251] Trying to find '/home/oxhart/.cache/typescript/5.1/package.json'...
[20:45:58.470] Loaded content of '/home/oxhart/.cache/typescript/5.1/package.json': {"private":true,"dependencies":{"types-registry":"^0.1.659"},"devDependencies":{"@types/babel__preset-env":"^7.9.2","@types/node":"^20.5.2","@types/react":"^18.2.18"}}
[20:45:58.470] Loaded content of '/home/oxhart/.cache/typescript/5.1/package-lock.json'
[20:45:58.471] Finished processing cache location '/home/oxhart/.cache/typescript/5.1'
[20:45:58.471] Process id: 3466788
[20:45:58.471] NPM location: /usr/bin/npm (explicit '--npmLocation' not  provided)
[20:45:58.471] validateDefaultNpmLocation: false
[20:45:58.472] Npm config file: /home/oxhart/.cache/typescript/5.1/package.json
[20:45:58.472] Updating types-registry npm package...
[20:45:58.472] Exec: /usr/bin/npm install --ignore-scripts types-registry@latest
[20:46:22.624]     Succeeded. stdout:
    
    up to date, audited 8 packages in 8s

found 0 vulnerabilities

[20:46:22.624] Updated types-registry npm package
[20:46:22.679] Got install request {"projectName":"/dev/null/inferredProject1*","fileNames":[],"compilerOptions":{"module":1,"target":3,"jsx":1,"allowJs":true,"allowSyntheticDefaultImports":true,"allowNonTsExtensions":true,"noEmitForJsFiles":true},"typeAcquisition":{"enable":true,"include":[],"exclude":[]},"unresolvedImports":[],"projectRootPath":"/home/oxhart/Documents/builds/terminalConfigs/.dotfiles/emacs/.emacs.d/orgFiles","kind":"discover"}
[20:46:22.692] Loaded safelist from types map file '/usr/lib/node_modules/typescript/lib/typesMap.json'
[20:46:22.693] Explicitly included types: []
[20:46:22.693] Inferred typings from unresolved imports: []
[20:46:22.693] Result: {"cachedTypingPaths":[],"newTypingNames":[],"filesToWatch":["/home/oxhart/Documents/builds/terminalConfigs/.dotfiles/emacs/.emacs.d/orgFiles/bower_components","/home/oxhart/Documents/builds/terminalConfigs/.dotfiles/emacs/.emacs.d/orgFiles/node_modules"]}
[20:46:22.693] Finished typings discovery: {"cachedTypingPaths":[],"newTypingNames":[],"filesToWatch":["/home/oxhart/Documents/builds/terminalConfigs/.dotfiles/emacs/.emacs.d/orgFiles/bower_components","/home/oxhart/Documents/builds/terminalConfigs/.dotfiles/emacs/.emacs.d/orgFiles/node_modules"]}
[20:46:22.693] Sending response:
    {"kind":"action::watchTypingLocations","projectName":"/dev/null/inferredProject1*","files":["/home/oxhart/Documents/builds/terminalConfigs/.dotfiles/emacs/.emacs.d/orgFiles/bower_components","/home/oxhart/Documents/builds/terminalConfigs/.dotfiles/emacs/.emacs.d/orgFiles/node_modules"]}
[20:46:22.693] Response has been sent.
[20:46:22.693] Sending response:
    {"projectName":"/dev/null/inferredProject1*","typeAcquisition":{"enable":true,"include":[],"exclude":[]},"compilerOptions":{"module":1,"target":3,"jsx":1,"allowJs":true,"allowSyntheticDefaultImports":true,"allowNonTsExtensions":true,"noEmitForJsFiles":true},"typings":[],"unresolvedImports":[],"kind":"action::set"}
[20:46:22.694] Response has been sent.
[20:46:22.694] No new typings were requested as a result of typings discovery
