[12:30:07.095] Global cache location '/home/oxhart/.cache/typescript/5.2', safe file path '/usr/lib/node_modules/typescript/lib/typingSafeList.json', types map path /usr/lib/node_modules/typescript/lib/typesMap.json
[12:30:07.096] Processing cache location '/home/oxhart/.cache/typescript/5.2'
[12:30:07.096] Trying to find '/home/oxhart/.cache/typescript/5.2/package.json'...
[12:30:07.097] Loaded content of '/home/oxhart/.cache/typescript/5.2/package.json': {"private":true,"dependencies":{"types-registry":"^0.1.659"}}
[12:30:07.097] Loaded content of '/home/oxhart/.cache/typescript/5.2/package-lock.json'
[12:30:07.097] Finished processing cache location '/home/oxhart/.cache/typescript/5.2'
[12:30:07.097] Process id: 4046770
[12:30:07.097] NPM location: /usr/bin/npm (explicit '--npmLocation' not  provided)
[12:30:07.097] validateDefaultNpmLocation: false
[12:30:07.097] Npm config file: /home/oxhart/.cache/typescript/5.2/package.json
[12:30:07.098] Updating types-registry npm package...
[12:30:07.098] Exec: /usr/bin/npm install --ignore-scripts types-registry@latest
[12:30:07.804]     Succeeded. stdout:
    
    up to date, audited 2 packages in 465ms

found 0 vulnerabilities

[12:30:07.804] Updated types-registry npm package
[12:30:07.834] Got install request {"projectName":"/dev/null/inferredProject1*","fileNames":["/usr/lib/node_modules/typescript/lib/lib.es5.d.ts","/usr/lib/node_modules/typescript/lib/lib.es2015.d.ts","/usr/lib/node_modules/typescript/lib/lib.es2016.d.ts","/usr/lib/node_modules/typescript/lib/lib.dom.d.ts","/usr/lib/node_modules/typescript/lib/lib.dom.iterable.d.ts","/usr/lib/node_modules/typescript/lib/lib.webworker.importscripts.d.ts","/usr/lib/node_modules/typescript/lib/lib.scripthost.d.ts","/usr/lib/node_modules/typescript/lib/lib.es2015.core.d.ts","/usr/lib/node_modules/typescript/lib/lib.es2015.collection.d.ts","/usr/lib/node_modules/typescript/lib/lib.es2015.generator.d.ts","/usr/lib/node_modules/typescript/lib/lib.es2015.iterable.d.ts","/usr/lib/node_modules/typescript/lib/lib.es2015.promise.d.ts","/usr/lib/node_modules/typescript/lib/lib.es2015.proxy.d.ts","/usr/lib/node_modules/typescript/lib/lib.es2015.reflect.d.ts","/usr/lib/node_modules/typescript/lib/lib.es2015.symbol.d.ts","/usr/lib/node_modules/typescript/lib/lib.es2015.symbol.wellknown.d.ts","/usr/lib/node_modules/typescript/lib/lib.es2016.array.include.d.ts","/usr/lib/node_modules/typescript/lib/lib.decorators.d.ts","/usr/lib/node_modules/typescript/lib/lib.decorators.legacy.d.ts","/usr/lib/node_modules/typescript/lib/lib.es2016.full.d.ts","/home/oxhart/Documents/builds/terminalConfigs/package.json"],"compilerOptions":{"module":1,"target":3,"jsx":1,"allowJs":true,"allowSyntheticDefaultImports":true,"allowNonTsExtensions":true,"noEmitForJsFiles":true},"typeAcquisition":{"enable":true,"include":[],"exclude":[]},"unresolvedImports":[],"projectRootPath":"/home/oxhart/Documents/builds/terminalConfigs","kind":"discover"}
[12:30:07.847] Loaded safelist from types map file '/usr/lib/node_modules/typescript/lib/typesMap.json'
[12:30:07.847] Explicitly included types: []
[12:30:07.848] Typing names in '/home/oxhart/Documents/builds/terminalConfigs/package.json' dependencies: ["@angular/language-service"]
[12:30:07.848] Searching for typing names in /home/oxhart/Documents/builds/terminalConfigs/node_modules; all files: ["/home/oxhart/Documents/builds/terminalConfigs/node_modules/@angular/language-service/package.json"]
[12:30:07.849]     Package '@angular/language-service' provides its own types.
[12:30:07.849]     Found package names: []
[12:30:07.849] Inferred typings from unresolved imports: []
[12:30:07.849] Result: {"cachedTypingPaths":["/home/oxhart/Documents/builds/terminalConfigs/node_modules/@angular/language-service/index.d.ts"],"newTypingNames":[],"filesToWatch":["/home/oxhart/Documents/builds/terminalConfigs/bower_components","/home/oxhart/Documents/builds/terminalConfigs/package.json","/home/oxhart/Documents/builds/terminalConfigs/node_modules"]}
[12:30:07.849] Finished typings discovery: {"cachedTypingPaths":["/home/oxhart/Documents/builds/terminalConfigs/node_modules/@angular/language-service/index.d.ts"],"newTypingNames":[],"filesToWatch":["/home/oxhart/Documents/builds/terminalConfigs/bower_components","/home/oxhart/Documents/builds/terminalConfigs/package.json","/home/oxhart/Documents/builds/terminalConfigs/node_modules"]}
[12:30:07.849] Sending response:
    {"kind":"action::watchTypingLocations","projectName":"/dev/null/inferredProject1*","files":["/home/oxhart/Documents/builds/terminalConfigs/bower_components","/home/oxhart/Documents/builds/terminalConfigs/package.json","/home/oxhart/Documents/builds/terminalConfigs/node_modules"]}
[12:30:07.849] Response has been sent.
[12:30:07.849] Sending response:
    {"projectName":"/dev/null/inferredProject1*","typeAcquisition":{"enable":true,"include":[],"exclude":[]},"compilerOptions":{"module":1,"target":3,"jsx":1,"allowJs":true,"allowSyntheticDefaultImports":true,"allowNonTsExtensions":true,"noEmitForJsFiles":true},"typings":["/home/oxhart/Documents/builds/terminalConfigs/node_modules/@angular/language-service/index.d.ts"],"unresolvedImports":[],"kind":"action::set"}
[12:30:07.849] Response has been sent.
[12:30:07.849] No new typings were requested as a result of typings discovery
[12:30:08.211] Got install request {"projectName":"/dev/null/inferredProject1*","fileNames":["/usr/lib/node_modules/typescript/lib/lib.es5.d.ts","/usr/lib/node_modules/typescript/lib/lib.es2015.d.ts","/usr/lib/node_modules/typescript/lib/lib.es2016.d.ts","/usr/lib/node_modules/typescript/lib/lib.dom.d.ts","/usr/lib/node_modules/typescript/lib/lib.dom.iterable.d.ts","/usr/lib/node_modules/typescript/lib/lib.webworker.importscripts.d.ts","/usr/lib/node_modules/typescript/lib/lib.scripthost.d.ts","/usr/lib/node_modules/typescript/lib/lib.es2015.core.d.ts","/usr/lib/node_modules/typescript/lib/lib.es2015.collection.d.ts","/usr/lib/node_modules/typescript/lib/lib.es2015.generator.d.ts","/usr/lib/node_modules/typescript/lib/lib.es2015.iterable.d.ts","/usr/lib/node_modules/typescript/lib/lib.es2015.promise.d.ts","/usr/lib/node_modules/typescript/lib/lib.es2015.proxy.d.ts","/usr/lib/node_modules/typescript/lib/lib.es2015.reflect.d.ts","/usr/lib/node_modules/typescript/lib/lib.es2015.symbol.d.ts","/usr/lib/node_modules/typescript/lib/lib.es2015.symbol.wellknown.d.ts","/usr/lib/node_modules/typescript/lib/lib.es2016.array.include.d.ts","/usr/lib/node_modules/typescript/lib/lib.decorators.d.ts","/usr/lib/node_modules/typescript/lib/lib.decorators.legacy.d.ts","/usr/lib/node_modules/typescript/lib/lib.es2016.full.d.ts","/home/oxhart/Documents/builds/terminalConfigs/node_modules/@angular/language-service/index.d.ts"],"compilerOptions":{"module":1,"target":3,"jsx":1,"allowJs":true,"allowSyntheticDefaultImports":true,"allowNonTsExtensions":true,"noEmitForJsFiles":true},"typeAcquisition":{"enable":true,"include":[],"exclude":[]},"unresolvedImports":["typescript"],"projectRootPath":"/home/oxhart/Documents/builds/terminalConfigs","kind":"discover"}
[12:30:08.212] Explicitly included types: []
[12:30:08.212] Typing names in '/home/oxhart/Documents/builds/terminalConfigs/package.json' dependencies: ["@angular/language-service"]
[12:30:08.212] Searching for typing names in /home/oxhart/Documents/builds/terminalConfigs/node_modules; all files: ["/home/oxhart/Documents/builds/terminalConfigs/node_modules/@angular/language-service/package.json"]
[12:30:08.213]     Package '@angular/language-service' provides its own types.
[12:30:08.213]     Found package names: []
[12:30:08.213] Inferred typings from unresolved imports: ["typescript"]
[12:30:08.213] Result: {"cachedTypingPaths":["/home/oxhart/Documents/builds/terminalConfigs/node_modules/@angular/language-service/index.d.ts"],"newTypingNames":["typescript"],"filesToWatch":["/home/oxhart/Documents/builds/terminalConfigs/bower_components","/home/oxhart/Documents/builds/terminalConfigs/package.json","/home/oxhart/Documents/builds/terminalConfigs/node_modules"]}
[12:30:08.213] Finished typings discovery: {"cachedTypingPaths":["/home/oxhart/Documents/builds/terminalConfigs/node_modules/@angular/language-service/index.d.ts"],"newTypingNames":["typescript"],"filesToWatch":["/home/oxhart/Documents/builds/terminalConfigs/bower_components","/home/oxhart/Documents/builds/terminalConfigs/package.json","/home/oxhart/Documents/builds/terminalConfigs/node_modules"]}
[12:30:08.213] Sending response:
    {"kind":"action::watchTypingLocations","projectName":"/dev/null/inferredProject1*"}
[12:30:08.213] Response has been sent.
[12:30:08.214] Installing typings ["typescript"]
[12:30:08.214] 'typescript':: Entry for package 'typescript' does not exist in local types registry - skipping...
[12:30:08.214] All typings are known to be missing or invalid - no need to install more typings
[12:30:08.214] Sending response:
    {"projectName":"/dev/null/inferredProject1*","typeAcquisition":{"enable":true,"include":[],"exclude":[]},"compilerOptions":{"module":1,"target":3,"jsx":1,"allowJs":true,"allowSyntheticDefaultImports":true,"allowNonTsExtensions":true,"noEmitForJsFiles":true},"typings":["/home/oxhart/Documents/builds/terminalConfigs/node_modules/@angular/language-service/index.d.ts"],"unresolvedImports":["typescript"],"kind":"action::set"}
[12:30:08.215] Response has been sent.
