Info 0    [12:30:06.446] Starting TS Server
Info 1    [12:30:06.447] Version: 5.2.2
Info 2    [12:30:06.447] Arguments: /usr/bin/node /usr/lib/node_modules/typescript/lib/tsserver.js --logFile /home/oxhart/Documents/builds/terminalConfigs/.log/tsserver.log --logVerbosity info --cancellationPipeName /tmp/36de8337ca6734e6e0b324a7007e2e07/tscancellation*
Info 3    [12:30:06.447] Platform: linux NodeVersion: v20.5.1 CaseSensitive: true
Info 4    [12:30:06.447] ServerMode: undefined hasUnknownServerMode: undefined
Info 5    [12:30:06.458] Format host information updated
Info 6    [12:30:06.460] Search path: /home/oxhart/Documents/builds/terminalConfigs
Info 7    [12:30:06.460] For info: /home/oxhart/Documents/builds/terminalConfigs/package.json :: No config files found.
Info 8    [12:30:06.464] Starting updateGraphWorker: Project: /dev/null/inferredProject1*
Info 9    [12:30:06.992] Finishing updateGraphWorker: Project: /dev/null/inferredProject1* Version: 1 structureChanged: true structureIsReused:: Not Elapsed: 527.9895768165588ms
Info 10   [12:30:06.992] Project '/dev/null/inferredProject1*' (Inferred)
Info 11   [12:30:06.992] 	Files (21)

Info 12   [12:30:06.992] -----------------------------------------------
Info 13   [12:30:06.997] AutoImportProviderProject: found 1 root files in 1 dependencies in 3.375900983810425 ms
Info 14   [12:30:06.998] Starting updateGraphWorker: Project: /dev/null/autoImportProviderProject1*
Info 15   [12:30:07.002] Finishing updateGraphWorker: Project: /dev/null/autoImportProviderProject1* Version: 1 structureChanged: true structureIsReused:: Not Elapsed: 4.1568310260772705ms
Info 16   [12:30:07.002] Project '/dev/null/autoImportProviderProject1*' (AutoImportProvider)
Info 17   [12:30:07.002] 	Files (1)

Info 18   [12:30:07.002] -----------------------------------------------
Info 19   [12:30:08.102] Starting updateGraphWorker: Project: /dev/null/inferredProject1*
Info 20   [12:30:08.110] Finishing updateGraphWorker: Project: /dev/null/inferredProject1* Version: 2 structureChanged: true structureIsReused:: Not Elapsed: 8.497236013412476ms
Info 21   [12:30:08.110] Project '/dev/null/inferredProject1*' (Inferred)
Info 22   [12:30:08.110] 	Files (21)

Info 23   [12:30:08.110] -----------------------------------------------
Info 24   [12:30:08.110] Project '/dev/null/autoImportProviderProject1*' (AutoImportProvider)
Info 25   [12:30:08.110] 	Files (1)

Info 26   [12:30:08.110] -----------------------------------------------
Info 27   [14:14:27.487] DirectoryWatcher:: Triggered with /usr/lib/node_modules/corepack/shims/yarnpkg.ps1 0:: WatchInfo: /usr/lib/node_modules 1 undefined WatchType: node_modules for closed script infos and package.jsons affecting module specifier cache
Info 28   [14:14:27.488] Elapsed:: 0.11515688896179199ms DirectoryWatcher:: Triggered with /usr/lib/node_modules/corepack/shims/yarnpkg.ps1 0:: WatchInfo: /usr/lib/node_modules 1 undefined WatchType: node_modules for closed script infos and package.jsons affecting module specifier cache
Info 29   [14:14:27.488] DirectoryWatcher:: Triggered with /usr/lib/node_modules/corepack/shims/yarnpkg.cmd 1:: WatchInfo: /usr/lib/node_modules 1 undefined WatchType: node_modules for closed script infos and package.jsons affecting module specifier cache
Info 30   [14:14:27.488] Elapsed:: 0.006029844284057617ms DirectoryWatcher:: Triggered with /usr/lib/node_modules/corepack/shims/yarnpkg.cmd 1:: WatchInfo: /usr/lib/node_modules 1 undefined WatchType: node_modules for closed script infos and package.jsons affecting module specifier cache
Info 31   [14:14:27.488] DirectoryWatcher:: Triggered with /usr/lib/node_modules/corepack/shims/yarnpkg 2:: WatchInfo: /usr/lib/node_modules 1 undefined WatchType: node_modules for closed script infos and package.jsons affecting module specifier cache
Info 32   [14:14:27.488] Elapsed:: 0.08233809471130371ms DirectoryWatcher:: Triggered with /usr/lib/node_modules/corepack/shims/yarnpkg 2:: WatchInfo: /usr/lib/node_modules 1 undefined WatchType: node_modules for closed script infos and package.jsons affecting module specifier cache
Info 33   [14:14:27.488] DirectoryWatcher:: Triggered with /usr/lib/node_modules/corepack/shims/yarn.ps1 3:: WatchInfo: /usr/lib/node_modules 1 undefined WatchType: node_modules for closed script infos and package.jsons affecting module specifier cache
Info 34   [14:14:27.488] Elapsed:: 0.007119894027709961ms DirectoryWatcher:: Triggered with /usr/lib/node_modules/corepack/shims/yarn.ps1 3:: WatchInfo: /usr/lib/node_modules 1 undefined WatchType: node_modules for closed script infos and package.jsons affecting module specifier cache
Info 35   [14:14:27.488] DirectoryWatcher:: Triggered with /usr/lib/node_modules/corepack/shims/yarn.cmd 4:: WatchInfo: /usr/lib/node_modules 1 undefined WatchType: node_modules for closed script infos and package.jsons affecting module specifier cache
Info 36   [14:14:27.488] Elapsed:: 0.004689931869506836ms DirectoryWatcher:: Triggered with /usr/lib/node_modules/corepack/shims/yarn.cmd 4:: WatchInfo: /usr/lib/node_modules 1 undefined WatchType: node_modules for closed script infos and package.jsons affecting module specifier cache
Info 37   [14:14:27.488] DirectoryWatcher:: Triggered with /usr/lib/node_modules/corepack/shims/yarn 5:: WatchInfo: /usr/lib/node_modules 1 undefined WatchType: node_modules for closed script infos and package.jsons affecting module specifier cache
Info 38   [14:14:27.488] Elapsed:: 0.016289949417114258ms DirectoryWatcher:: Triggered with /usr/lib/node_modules/corepack/shims/yarn 5:: WatchInfo: /usr/lib/node_modules 1 undefined WatchType: node_modules for closed script infos and package.jsons affecting module specifier cache
Info 39   [14:14:27.488] DirectoryWatcher:: Triggered with /usr/lib/node_modules/corepack/shims/pnpx.ps1 6:: WatchInfo: /usr/lib/node_modules 1 undefined WatchType: node_modules for closed script infos and package.jsons affecting module specifier cache
Info 40   [14:14:27.488] Elapsed:: 0.005349874496459961ms DirectoryWatcher:: Triggered with /usr/lib/node_modules/corepack/shims/pnpx.ps1 6:: WatchInfo: /usr/lib/node_modules 1 undefined WatchType: node_modules for closed script infos and package.jsons affecting module specifier cache
Info 41   [14:14:27.488] DirectoryWatcher:: Triggered with /usr/lib/node_modules/corepack/shims/pnpx.cmd 7:: WatchInfo: /usr/lib/node_modules 1 undefined WatchType: node_modules for closed script infos and package.jsons affecting module specifier cache
Info 42   [14:14:27.488] Elapsed:: 0.00475001335144043ms DirectoryWatcher:: Triggered with /usr/lib/node_modules/corepack/shims/pnpx.cmd 7:: WatchInfo: /usr/lib/node_modules 1 undefined WatchType: node_modules for closed script infos and package.jsons affecting module specifier cache
Info 43   [14:14:27.488] DirectoryWatcher:: Triggered with /usr/lib/node_modules/corepack/shims/pnpx 8:: WatchInfo: /usr/lib/node_modules 1 undefined WatchType: node_modules for closed script infos and package.jsons affecting module specifier cache
Info 44   [14:14:27.488] Elapsed:: 0.011260032653808594ms DirectoryWatcher:: Triggered with /usr/lib/node_modules/corepack/shims/pnpx 8:: WatchInfo: /usr/lib/node_modules 1 undefined WatchType: node_modules for closed script infos and package.jsons affecting module specifier cache
Info 45   [14:14:27.488] DirectoryWatcher:: Triggered with /usr/lib/node_modules/corepack/shims/pnpm.ps1 9:: WatchInfo: /usr/lib/node_modules 1 undefined WatchType: node_modules for closed script infos and package.jsons affecting module specifier cache
Info 46   [14:14:27.488] Elapsed:: 0.009309768676757812ms DirectoryWatcher:: Triggered with /usr/lib/node_modules/corepack/shims/pnpm.ps1 9:: WatchInfo: /usr/lib/node_modules 1 undefined WatchType: node_modules for closed script infos and package.jsons affecting module specifier cache
Info 47   [14:14:27.488] DirectoryWatcher:: Triggered with /usr/lib/node_modules/corepack/shims/pnpm.cmd 10:: WatchInfo: /usr/lib/node_modules 1 undefined WatchType: node_modules for closed script infos and package.jsons affecting module specifier cache
Info 48   [14:14:27.488] Elapsed:: 0.005888938903808594ms DirectoryWatcher:: Triggered with /usr/lib/node_modules/corepack/shims/pnpm.cmd 10:: WatchInfo: /usr/lib/node_modules 1 undefined WatchType: node_modules for closed script infos and package.jsons affecting module specifier cache
Info 49   [14:14:27.488] DirectoryWatcher:: Triggered with /usr/lib/node_modules/corepack/shims/pnpm 11:: WatchInfo: /usr/lib/node_modules 1 undefined WatchType: node_modules for closed script infos and package.jsons affecting module specifier cache
Info 50   [14:14:27.488] Elapsed:: 0.011348962783813477ms DirectoryWatcher:: Triggered with /usr/lib/node_modules/corepack/shims/pnpm 11:: WatchInfo: /usr/lib/node_modules 1 undefined WatchType: node_modules for closed script infos and package.jsons affecting module specifier cache
Info 51   [14:14:27.488] DirectoryWatcher:: Triggered with /usr/lib/node_modules/corepack/shims/npx.ps1 12:: WatchInfo: /usr/lib/node_modules 1 undefined WatchType: node_modules for closed script infos and package.jsons affecting module specifier cache
Info 52   [14:14:27.488] Elapsed:: 0.0044100284576416016ms DirectoryWatcher:: Triggered with /usr/lib/node_modules/corepack/shims/npx.ps1 12:: WatchInfo: /usr/lib/node_modules 1 undefined WatchType: node_modules for closed script infos and package.jsons affecting module specifier cache
Info 53   [14:14:27.488] DirectoryWatcher:: Triggered with /usr/lib/node_modules/corepack/shims/npx.cmd 13:: WatchInfo: /usr/lib/node_modules 1 undefined WatchType: node_modules for closed script infos and package.jsons affecting module specifier cache
Info 54   [14:14:27.488] Elapsed:: 0.0039098262786865234ms DirectoryWatcher:: Triggered with /usr/lib/node_modules/corepack/shims/npx.cmd 13:: WatchInfo: /usr/lib/node_modules 1 undefined WatchType: node_modules for closed script infos and package.jsons affecting module specifier cache
Info 55   [14:14:27.488] DirectoryWatcher:: Triggered with /usr/lib/node_modules/corepack/shims/npx 14:: WatchInfo: /usr/lib/node_modules 1 undefined WatchType: node_modules for closed script infos and package.jsons affecting module specifier cache
Info 56   [14:14:27.488] Elapsed:: 0.01151895523071289ms DirectoryWatcher:: Triggered with /usr/lib/node_modules/corepack/shims/npx 14:: WatchInfo: /usr/lib/node_modules 1 undefined WatchType: node_modules for closed script infos and package.jsons affecting module specifier cache
Info 57   [14:14:27.488] DirectoryWatcher:: Triggered with /usr/lib/node_modules/corepack/shims/npm.ps1 15:: WatchInfo: /usr/lib/node_modules 1 undefined WatchType: node_modules for closed script infos and package.jsons affecting module specifier cache
Info 58   [14:14:27.489] Elapsed:: 0.008810043334960938ms DirectoryWatcher:: Triggered with /usr/lib/node_modules/corepack/shims/npm.ps1 15:: WatchInfo: /usr/lib/node_modules 1 undefined WatchType: node_modules for closed script infos and package.jsons affecting module specifier cache
Info 59   [14:14:27.489] DirectoryWatcher:: Triggered with /usr/lib/node_modules/corepack/shims/npm.cmd 16:: WatchInfo: /usr/lib/node_modules 1 undefined WatchType: node_modules for closed script infos and package.jsons affecting module specifier cache
Info 60   [14:14:27.489] Elapsed:: 0.004019975662231445ms DirectoryWatcher:: Triggered with /usr/lib/node_modules/corepack/shims/npm.cmd 16:: WatchInfo: /usr/lib/node_modules 1 undefined WatchType: node_modules for closed script infos and package.jsons affecting module specifier cache
Info 61   [14:14:27.489] DirectoryWatcher:: Triggered with /usr/lib/node_modules/corepack/shims/npm 17:: WatchInfo: /usr/lib/node_modules 1 undefined WatchType: node_modules for closed script infos and package.jsons affecting module specifier cache
Info 62   [14:14:27.489] Elapsed:: 0.011150121688842773ms DirectoryWatcher:: Triggered with /usr/lib/node_modules/corepack/shims/npm 17:: WatchInfo: /usr/lib/node_modules 1 undefined WatchType: node_modules for closed script infos and package.jsons affecting module specifier cache
Info 63   [14:14:27.489] DirectoryWatcher:: Triggered with /usr/lib/node_modules/corepack/shims/corepack.ps1 18:: WatchInfo: /usr/lib/node_modules 1 undefined WatchType: node_modules for closed script infos and package.jsons affecting module specifier cache
Info 64   [14:14:27.489] Elapsed:: 0.004669904708862305ms DirectoryWatcher:: Triggered with /usr/lib/node_modules/corepack/shims/corepack.ps1 18:: WatchInfo: /usr/lib/node_modules 1 undefined WatchType: node_modules for closed script infos and package.jsons affecting module specifier cache
Info 65   [14:14:27.489] DirectoryWatcher:: Triggered with /usr/lib/node_modules/corepack/shims/corepack.cmd 19:: WatchInfo: /usr/lib/node_modules 1 undefined WatchType: node_modules for closed script infos and package.jsons affecting module specifier cache
Info 66   [14:14:27.489] Elapsed:: 0.0038099288940429688ms DirectoryWatcher:: Triggered with /usr/lib/node_modules/corepack/shims/corepack.cmd 19:: WatchInfo: /usr/lib/node_modules 1 undefined WatchType: node_modules for closed script infos and package.jsons affecting module specifier cache
Info 67   [14:14:27.489] DirectoryWatcher:: Triggered with /usr/lib/node_modules/corepack/shims/corepack 20:: WatchInfo: /usr/lib/node_modules 1 undefined WatchType: node_modules for closed script infos and package.jsons affecting module specifier cache
Info 68   [14:14:27.489] Elapsed:: 0.009269952774047852ms DirectoryWatcher:: Triggered with /usr/lib/node_modules/corepack/shims/corepack 20:: WatchInfo: /usr/lib/node_modules 1 undefined WatchType: node_modules for closed script infos and package.jsons affecting module specifier cache
Info 69   [14:14:27.489] DirectoryWatcher:: Triggered with /usr/lib/node_modules/corepack/shims/corepack 21:: WatchInfo: /usr/lib/node_modules 1 undefined WatchType: node_modules for closed script infos and package.jsons affecting module specifier cache
Info 70   [14:14:27.489] Elapsed:: 0.011800050735473633ms DirectoryWatcher:: Triggered with /usr/lib/node_modules/corepack/shims/corepack 21:: WatchInfo: /usr/lib/node_modules 1 undefined WatchType: node_modules for closed script infos and package.jsons affecting module specifier cache
Info 71   [14:14:27.489] DirectoryWatcher:: Triggered with /usr/lib/node_modules/corepack/shims/corepack.cmd 22:: WatchInfo: /usr/lib/node_modules 1 undefined WatchType: node_modules for closed script infos and package.jsons affecting module specifier cache
Info 72   [14:14:27.489] Elapsed:: 0.0038089752197265625ms DirectoryWatcher:: Triggered with /usr/lib/node_modules/corepack/shims/corepack.cmd 22:: WatchInfo: /usr/lib/node_modules 1 undefined WatchType: node_modules for closed script infos and package.jsons affecting module specifier cache
Info 73   [14:14:27.489] DirectoryWatcher:: Triggered with /usr/lib/node_modules/corepack/shims/corepack.ps1 23:: WatchInfo: /usr/lib/node_modules 1 undefined WatchType: node_modules for closed script infos and package.jsons affecting module specifier cache
Info 74   [14:14:27.489] Elapsed:: 0.0031499862670898438ms DirectoryWatcher:: Triggered with /usr/lib/node_modules/corepack/shims/corepack.ps1 23:: WatchInfo: /usr/lib/node_modules 1 undefined WatchType: node_modules for closed script infos and package.jsons affecting module specifier cache
Info 75   [14:14:27.489] DirectoryWatcher:: Triggered with /usr/lib/node_modules/corepack/shims/npm 24:: WatchInfo: /usr/lib/node_modules 1 undefined WatchType: node_modules for closed script infos and package.jsons affecting module specifier cache
Info 76   [14:14:27.489] Elapsed:: 0.01212000846862793ms DirectoryWatcher:: Triggered with /usr/lib/node_modules/corepack/shims/npm 24:: WatchInfo: /usr/lib/node_modules 1 undefined WatchType: node_modules for closed script infos and package.jsons affecting module specifier cache
Info 77   [14:14:27.489] DirectoryWatcher:: Triggered with /usr/lib/node_modules/corepack/shims/npm.cmd 25:: WatchInfo: /usr/lib/node_modules 1 undefined WatchType: node_modules for closed script infos and package.jsons affecting module specifier cache
Info 78   [14:14:27.489] Elapsed:: 0.003738880157470703ms DirectoryWatcher:: Triggered with /usr/lib/node_modules/corepack/shims/npm.cmd 25:: WatchInfo: /usr/lib/node_modules 1 undefined WatchType: node_modules for closed script infos and package.jsons affecting module specifier cache
Info 79   [14:14:27.489] DirectoryWatcher:: Triggered with /usr/lib/node_modules/corepack/shims/npm.ps1 26:: WatchInfo: /usr/lib/node_modules 1 undefined WatchType: node_modules for closed script infos and package.jsons affecting module specifier cache
Info 80   [14:14:27.489] Elapsed:: 0.006690025329589844ms DirectoryWatcher:: Triggered with /usr/lib/node_modules/corepack/shims/npm.ps1 26:: WatchInfo: /usr/lib/node_modules 1 undefined WatchType: node_modules for closed script infos and package.jsons affecting module specifier cache
Info 81   [14:14:27.489] DirectoryWatcher:: Triggered with /usr/lib/node_modules/corepack/shims/npx 27:: WatchInfo: /usr/lib/node_modules 1 undefined WatchType: node_modules for closed script infos and package.jsons affecting module specifier cache
Info 82   [14:14:27.489] Elapsed:: 0.013330221176147461ms DirectoryWatcher:: Triggered with /usr/lib/node_modules/corepack/shims/npx 27:: WatchInfo: /usr/lib/node_modules 1 undefined WatchType: node_modules for closed script infos and package.jsons affecting module specifier cache
Info 83   [14:14:27.489] DirectoryWatcher:: Triggered with /usr/lib/node_modules/corepack/shims/npx.cmd 28:: WatchInfo: /usr/lib/node_modules 1 undefined WatchType: node_modules for closed script infos and package.jsons affecting module specifier cache
Info 84   [14:14:27.489] Elapsed:: 0.0037300586700439453ms DirectoryWatcher:: Triggered with /usr/lib/node_modules/corepack/shims/npx.cmd 28:: WatchInfo: /usr/lib/node_modules 1 undefined WatchType: node_modules for closed script infos and package.jsons affecting module specifier cache
Info 85   [14:14:27.489] DirectoryWatcher:: Triggered with /usr/lib/node_modules/corepack/shims/npx.ps1 29:: WatchInfo: /usr/lib/node_modules 1 undefined WatchType: node_modules for closed script infos and package.jsons affecting module specifier cache
Info 86   [14:14:27.489] Elapsed:: 0.0032401084899902344ms DirectoryWatcher:: Triggered with /usr/lib/node_modules/corepack/shims/npx.ps1 29:: WatchInfo: /usr/lib/node_modules 1 undefined WatchType: node_modules for closed script infos and package.jsons affecting module specifier cache
Info 87   [14:14:27.489] DirectoryWatcher:: Triggered with /usr/lib/node_modules/corepack/shims/pnpm 30:: WatchInfo: /usr/lib/node_modules 1 undefined WatchType: node_modules for closed script infos and package.jsons affecting module specifier cache
Info 88   [14:14:27.489] Elapsed:: 0.009130001068115234ms DirectoryWatcher:: Triggered with /usr/lib/node_modules/corepack/shims/pnpm 30:: WatchInfo: /usr/lib/node_modules 1 undefined WatchType: node_modules for closed script infos and package.jsons affecting module specifier cache
Info 89   [14:14:27.489] DirectoryWatcher:: Triggered with /usr/lib/node_modules/corepack/shims/pnpm.cmd 31:: WatchInfo: /usr/lib/node_modules 1 undefined WatchType: node_modules for closed script infos and package.jsons affecting module specifier cache
Info 90   [14:14:27.489] Elapsed:: 0.0034301280975341797ms DirectoryWatcher:: Triggered with /usr/lib/node_modules/corepack/shims/pnpm.cmd 31:: WatchInfo: /usr/lib/node_modules 1 undefined WatchType: node_modules for closed script infos and package.jsons affecting module specifier cache
Info 91   [14:14:27.489] DirectoryWatcher:: Triggered with /usr/lib/node_modules/corepack/shims/pnpm.ps1 32:: WatchInfo: /usr/lib/node_modules 1 undefined WatchType: node_modules for closed script infos and package.jsons affecting module specifier cache
Info 92   [14:14:27.489] Elapsed:: 0.003170013427734375ms DirectoryWatcher:: Triggered with /usr/lib/node_modules/corepack/shims/pnpm.ps1 32:: WatchInfo: /usr/lib/node_modules 1 undefined WatchType: node_modules for closed script infos and package.jsons affecting module specifier cache
Info 93   [14:14:27.489] DirectoryWatcher:: Triggered with /usr/lib/node_modules/corepack/shims/pnpx 33:: WatchInfo: /usr/lib/node_modules 1 undefined WatchType: node_modules for closed script infos and package.jsons affecting module specifier cache
Info 94   [14:14:27.489] Elapsed:: 0.009109973907470703ms DirectoryWatcher:: Triggered with /usr/lib/node_modules/corepack/shims/pnpx 33:: WatchInfo: /usr/lib/node_modules 1 undefined WatchType: node_modules for closed script infos and package.jsons affecting module specifier cache
Info 95   [14:14:27.489] DirectoryWatcher:: Triggered with /usr/lib/node_modules/corepack/shims/pnpx.cmd 34:: WatchInfo: /usr/lib/node_modules 1 undefined WatchType: node_modules for closed script infos and package.jsons affecting module specifier cache
Info 96   [14:14:27.489] Elapsed:: 0.003289937973022461ms DirectoryWatcher:: Triggered with /usr/lib/node_modules/corepack/shims/pnpx.cmd 34:: WatchInfo: /usr/lib/node_modules 1 undefined WatchType: node_modules for closed script infos and package.jsons affecting module specifier cache
Info 97   [14:14:27.489] DirectoryWatcher:: Triggered with /usr/lib/node_modules/corepack/shims/pnpx.ps1 35:: WatchInfo: /usr/lib/node_modules 1 undefined WatchType: node_modules for closed script infos and package.jsons affecting module specifier cache
Info 98   [14:14:27.489] Elapsed:: 0.0031800270080566406ms DirectoryWatcher:: Triggered with /usr/lib/node_modules/corepack/shims/pnpx.ps1 35:: WatchInfo: /usr/lib/node_modules 1 undefined WatchType: node_modules for closed script infos and package.jsons affecting module specifier cache
Info 99   [14:14:27.489] DirectoryWatcher:: Triggered with /usr/lib/node_modules/corepack/shims/yarn 36:: WatchInfo: /usr/lib/node_modules 1 undefined WatchType: node_modules for closed script infos and package.jsons affecting module specifier cache
Info 100  [14:14:27.489] Elapsed:: 0.009670019149780273ms DirectoryWatcher:: Triggered with /usr/lib/node_modules/corepack/shims/yarn 36:: WatchInfo: /usr/lib/node_modules 1 undefined WatchType: node_modules for closed script infos and package.jsons affecting module specifier cache
Info 101  [14:14:27.489] DirectoryWatcher:: Triggered with /usr/lib/node_modules/corepack/shims/yarn.cmd 37:: WatchInfo: /usr/lib/node_modules 1 undefined WatchType: node_modules for closed script infos and package.jsons affecting module specifier cache
Info 102  [14:14:27.489] Elapsed:: 0.003400087356567383ms DirectoryWatcher:: Triggered with /usr/lib/node_modules/corepack/shims/yarn.cmd 37:: WatchInfo: /usr/lib/node_modules 1 undefined WatchType: node_modules for closed script infos and package.jsons affecting module specifier cache
Info 103  [14:14:27.489] DirectoryWatcher:: Triggered with /usr/lib/node_modules/corepack/shims/yarn.ps1 38:: WatchInfo: /usr/lib/node_modules 1 undefined WatchType: node_modules for closed script infos and package.jsons affecting module specifier cache
Info 104  [14:14:27.489] Elapsed:: 0.0032699108123779297ms DirectoryWatcher:: Triggered with /usr/lib/node_modules/corepack/shims/yarn.ps1 38:: WatchInfo: /usr/lib/node_modules 1 undefined WatchType: node_modules for closed script infos and package.jsons affecting module specifier cache
Info 105  [14:14:27.489] DirectoryWatcher:: Triggered with /usr/lib/node_modules/corepack/shims/yarnpkg 39:: WatchInfo: /usr/lib/node_modules 1 undefined WatchType: node_modules for closed script infos and package.jsons affecting module specifier cache
Info 106  [14:14:27.489] Elapsed:: 0.008889913558959961ms DirectoryWatcher:: Triggered with /usr/lib/node_modules/corepack/shims/yarnpkg 39:: WatchInfo: /usr/lib/node_modules 1 undefined WatchType: node_modules for closed script infos and package.jsons affecting module specifier cache
Info 107  [14:14:27.489] DirectoryWatcher:: Triggered with /usr/lib/node_modules/corepack/shims/yarnpkg.cmd 40:: WatchInfo: /usr/lib/node_modules 1 undefined WatchType: node_modules for closed script infos and package.jsons affecting module specifier cache
Info 108  [14:14:27.489] Elapsed:: 0.003590106964111328ms DirectoryWatcher:: Triggered with /usr/lib/node_modules/corepack/shims/yarnpkg.cmd 40:: WatchInfo: /usr/lib/node_modules 1 undefined WatchType: node_modules for closed script infos and package.jsons affecting module specifier cache
Info 109  [14:14:27.489] DirectoryWatcher:: Triggered with /usr/lib/node_modules/corepack/shims/yarnpkg.ps1 41:: WatchInfo: /usr/lib/node_modules 1 undefined WatchType: node_modules for closed script infos and package.jsons affecting module specifier cache
Info 110  [14:14:27.489] Elapsed:: 0.003470182418823242ms DirectoryWatcher:: Triggered with /usr/lib/node_modules/corepack/shims/yarnpkg.ps1 41:: WatchInfo: /usr/lib/node_modules 1 undefined WatchType: node_modules for closed script infos and package.jsons affecting module specifier cache
Info 111  [14:14:27.489] DirectoryWatcher:: Triggered with /usr/lib/node_modules/corepack/shims/nodewin/yarnpkg.ps1 42:: WatchInfo: /usr/lib/node_modules 1 undefined WatchType: node_modules for closed script infos and package.jsons affecting module specifier cache
Info 112  [14:14:27.489] Elapsed:: 0.003690004348754883ms DirectoryWatcher:: Triggered with /usr/lib/node_modules/corepack/shims/nodewin/yarnpkg.ps1 42:: WatchInfo: /usr/lib/node_modules 1 undefined WatchType: node_modules for closed script infos and package.jsons affecting module specifier cache
Info 113  [14:14:27.489] DirectoryWatcher:: Triggered with /usr/lib/node_modules/corepack/shims/nodewin/yarnpkg.cmd 43:: WatchInfo: /usr/lib/node_modules 1 undefined WatchType: node_modules for closed script infos and package.jsons affecting module specifier cache
Info 114  [14:14:27.489] Elapsed:: 0.0033500194549560547ms DirectoryWatcher:: Triggered with /usr/lib/node_modules/corepack/shims/nodewin/yarnpkg.cmd 43:: WatchInfo: /usr/lib/node_modules 1 undefined WatchType: node_modules for closed script infos and package.jsons affecting module specifier cache
Info 115  [14:14:27.489] DirectoryWatcher:: Triggered with /usr/lib/node_modules/corepack/shims/nodewin/yarnpkg 44:: WatchInfo: /usr/lib/node_modules 1 undefined WatchType: node_modules for closed script infos and package.jsons affecting module specifier cache
Info 116  [14:14:27.489] Elapsed:: 0.009299993515014648ms DirectoryWatcher:: Triggered with /usr/lib/node_modules/corepack/shims/nodewin/yarnpkg 44:: WatchInfo: /usr/lib/node_modules 1 undefined WatchType: node_modules for closed script infos and package.jsons affecting module specifier cache
Info 117  [14:14:27.489] DirectoryWatcher:: Triggered with /usr/lib/node_modules/corepack/shims/nodewin/yarn.ps1 45:: WatchInfo: /usr/lib/node_modules 1 undefined WatchType: node_modules for closed script infos and package.jsons affecting module specifier cache
Info 118  [14:14:27.489] Elapsed:: 0.003309965133666992ms DirectoryWatcher:: Triggered with /usr/lib/node_modules/corepack/shims/nodewin/yarn.ps1 45:: WatchInfo: /usr/lib/node_modules 1 undefined WatchType: node_modules for closed script infos and package.jsons affecting module specifier cache
Info 119  [14:14:27.489] DirectoryWatcher:: Triggered with /usr/lib/node_modules/corepack/shims/nodewin/yarn.cmd 46:: WatchInfo: /usr/lib/node_modules 1 undefined WatchType: node_modules for closed script infos and package.jsons affecting module specifier cache
Info 120  [14:14:27.489] Elapsed:: 0.0031290054321289062ms DirectoryWatcher:: Triggered with /usr/lib/node_modules/corepack/shims/nodewin/yarn.cmd 46:: WatchInfo: /usr/lib/node_modules 1 undefined WatchType: node_modules for closed script infos and package.jsons affecting module specifier cache
Info 121  [14:14:27.489] DirectoryWatcher:: Triggered with /usr/lib/node_modules/corepack/shims/nodewin/yarn 47:: WatchInfo: /usr/lib/node_modules 1 undefined WatchType: node_modules for closed script infos and package.jsons affecting module specifier cache
Info 122  [14:14:27.489] Elapsed:: 0.008679866790771484ms DirectoryWatcher:: Triggered with /usr/lib/node_modules/corepack/shims/nodewin/yarn 47:: WatchInfo: /usr/lib/node_modules 1 undefined WatchType: node_modules for closed script infos and package.jsons affecting module specifier cache
Info 123  [14:14:27.489] DirectoryWatcher:: Triggered with /usr/lib/node_modules/corepack/shims/nodewin/pnpx.ps1 48:: WatchInfo: /usr/lib/node_modules 1 undefined WatchType: node_modules for closed script infos and package.jsons affecting module specifier cache
Info 124  [14:14:27.489] Elapsed:: 0.0035598278045654297ms DirectoryWatcher:: Triggered with /usr/lib/node_modules/corepack/shims/nodewin/pnpx.ps1 48:: WatchInfo: /usr/lib/node_modules 1 undefined WatchType: node_modules for closed script infos and package.jsons affecting module specifier cache
Info 125  [14:14:27.489] DirectoryWatcher:: Triggered with /usr/lib/node_modules/corepack/shims/nodewin/pnpx.cmd 49:: WatchInfo: /usr/lib/node_modules 1 undefined WatchType: node_modules for closed script infos and package.jsons affecting module specifier cache
Info 126  [14:14:27.489] Elapsed:: 0.003228902816772461ms DirectoryWatcher:: Triggered with /usr/lib/node_modules/corepack/shims/nodewin/pnpx.cmd 49:: WatchInfo: /usr/lib/node_modules 1 undefined WatchType: node_modules for closed script infos and package.jsons affecting module specifier cache
Info 127  [14:14:27.489] DirectoryWatcher:: Triggered with /usr/lib/node_modules/corepack/shims/nodewin/pnpx 50:: WatchInfo: /usr/lib/node_modules 1 undefined WatchType: node_modules for closed script infos and package.jsons affecting module specifier cache
Info 128  [14:14:27.490] Elapsed:: 0.008620023727416992ms DirectoryWatcher:: Triggered with /usr/lib/node_modules/corepack/shims/nodewin/pnpx 50:: WatchInfo: /usr/lib/node_modules 1 undefined WatchType: node_modules for closed script infos and package.jsons affecting module specifier cache
Info 129  [14:14:27.490] DirectoryWatcher:: Triggered with /usr/lib/node_modules/corepack/shims/nodewin/pnpm.ps1 51:: WatchInfo: /usr/lib/node_modules 1 undefined WatchType: node_modules for closed script infos and package.jsons affecting module specifier cache
Info 130  [14:14:27.490] Elapsed:: 0.003820180892944336ms DirectoryWatcher:: Triggered with /usr/lib/node_modules/corepack/shims/nodewin/pnpm.ps1 51:: WatchInfo: /usr/lib/node_modules 1 undefined WatchType: node_modules for closed script infos and package.jsons affecting module specifier cache
Info 131  [14:14:27.490] DirectoryWatcher:: Triggered with /usr/lib/node_modules/corepack/shims/nodewin/pnpm.cmd 52:: WatchInfo: /usr/lib/node_modules 1 undefined WatchType: node_modules for closed script infos and package.jsons affecting module specifier cache
Info 132  [14:14:27.490] Elapsed:: 0.0032699108123779297ms DirectoryWatcher:: Triggered with /usr/lib/node_modules/corepack/shims/nodewin/pnpm.cmd 52:: WatchInfo: /usr/lib/node_modules 1 undefined WatchType: node_modules for closed script infos and package.jsons affecting module specifier cache
Info 133  [14:14:27.490] DirectoryWatcher:: Triggered with /usr/lib/node_modules/corepack/shims/nodewin/pnpm 53:: WatchInfo: /usr/lib/node_modules 1 undefined WatchType: node_modules for closed script infos and package.jsons affecting module specifier cache
Info 134  [14:14:27.490] Elapsed:: 0.009029865264892578ms DirectoryWatcher:: Triggered with /usr/lib/node_modules/corepack/shims/nodewin/pnpm 53:: WatchInfo: /usr/lib/node_modules 1 undefined WatchType: node_modules for closed script infos and package.jsons affecting module specifier cache
Info 135  [14:14:27.490] DirectoryWatcher:: Triggered with /usr/lib/node_modules/corepack/shims/nodewin/npx.ps1 54:: WatchInfo: /usr/lib/node_modules 1 undefined WatchType: node_modules for closed script infos and package.jsons affecting module specifier cache
Info 136  [14:14:27.490] Elapsed:: 0.0033800601959228516ms DirectoryWatcher:: Triggered with /usr/lib/node_modules/corepack/shims/nodewin/npx.ps1 54:: WatchInfo: /usr/lib/node_modules 1 undefined WatchType: node_modules for closed script infos and package.jsons affecting module specifier cache
Info 137  [14:14:27.490] DirectoryWatcher:: Triggered with /usr/lib/node_modules/corepack/shims/nodewin/npx.cmd 55:: WatchInfo: /usr/lib/node_modules 1 undefined WatchType: node_modules for closed script infos and package.jsons affecting module specifier cache
Info 138  [14:14:27.490] Elapsed:: 0.003170013427734375ms DirectoryWatcher:: Triggered with /usr/lib/node_modules/corepack/shims/nodewin/npx.cmd 55:: WatchInfo: /usr/lib/node_modules 1 undefined WatchType: node_modules for closed script infos and package.jsons affecting module specifier cache
Info 139  [14:14:27.490] DirectoryWatcher:: Triggered with /usr/lib/node_modules/corepack/shims/nodewin/npx 56:: WatchInfo: /usr/lib/node_modules 1 undefined WatchType: node_modules for closed script infos and package.jsons affecting module specifier cache
Info 140  [14:14:27.490] Elapsed:: 0.009170055389404297ms DirectoryWatcher:: Triggered with /usr/lib/node_modules/corepack/shims/nodewin/npx 56:: WatchInfo: /usr/lib/node_modules 1 undefined WatchType: node_modules for closed script infos and package.jsons affecting module specifier cache
Info 141  [14:14:27.490] DirectoryWatcher:: Triggered with /usr/lib/node_modules/corepack/shims/nodewin/npm.ps1 57:: WatchInfo: /usr/lib/node_modules 1 undefined WatchType: node_modules for closed script infos and package.jsons affecting module specifier cache
Info 142  [14:14:27.490] Elapsed:: 0.0032999515533447266ms DirectoryWatcher:: Triggered with /usr/lib/node_modules/corepack/shims/nodewin/npm.ps1 57:: WatchInfo: /usr/lib/node_modules 1 undefined WatchType: node_modules for closed script infos and package.jsons affecting module specifier cache
Info 143  [14:14:27.490] DirectoryWatcher:: Triggered with /usr/lib/node_modules/corepack/shims/nodewin/npm.cmd 58:: WatchInfo: /usr/lib/node_modules 1 undefined WatchType: node_modules for closed script infos and package.jsons affecting module specifier cache
Info 144  [14:14:27.490] Elapsed:: 0.0032300949096679688ms DirectoryWatcher:: Triggered with /usr/lib/node_modules/corepack/shims/nodewin/npm.cmd 58:: WatchInfo: /usr/lib/node_modules 1 undefined WatchType: node_modules for closed script infos and package.jsons affecting module specifier cache
Info 145  [14:14:27.490] DirectoryWatcher:: Triggered with /usr/lib/node_modules/corepack/shims/nodewin/npm 59:: WatchInfo: /usr/lib/node_modules 1 undefined WatchType: node_modules for closed script infos and package.jsons affecting module specifier cache
Info 146  [14:14:27.490] Elapsed:: 0.008650064468383789ms DirectoryWatcher:: Triggered with /usr/lib/node_modules/corepack/shims/nodewin/npm 59:: WatchInfo: /usr/lib/node_modules 1 undefined WatchType: node_modules for closed script infos and package.jsons affecting module specifier cache
Info 147  [14:14:27.490] DirectoryWatcher:: Triggered with /usr/lib/node_modules/corepack/shims/nodewin/corepack.ps1 60:: WatchInfo: /usr/lib/node_modules 1 undefined WatchType: node_modules for closed script infos and package.jsons affecting module specifier cache
Info 148  [14:14:27.490] Elapsed:: 0.0032799243927001953ms DirectoryWatcher:: Triggered with /usr/lib/node_modules/corepack/shims/nodewin/corepack.ps1 60:: WatchInfo: /usr/lib/node_modules 1 undefined WatchType: node_modules for closed script infos and package.jsons affecting module specifier cache
Info 149  [14:14:27.490] DirectoryWatcher:: Triggered with /usr/lib/node_modules/corepack/shims/nodewin/corepack.cmd 61:: WatchInfo: /usr/lib/node_modules 1 undefined WatchType: node_modules for closed script infos and package.jsons affecting module specifier cache
Info 150  [14:14:27.490] Elapsed:: 0.0032100677490234375ms DirectoryWatcher:: Triggered with /usr/lib/node_modules/corepack/shims/nodewin/corepack.cmd 61:: WatchInfo: /usr/lib/node_modules 1 undefined WatchType: node_modules for closed script infos and package.jsons affecting module specifier cache
Info 151  [14:14:27.490] DirectoryWatcher:: Triggered with /usr/lib/node_modules/corepack/shims/nodewin/corepack 62:: WatchInfo: /usr/lib/node_modules 1 undefined WatchType: node_modules for closed script infos and package.jsons affecting module specifier cache
Info 152  [14:14:27.490] Elapsed:: 0.008510112762451172ms DirectoryWatcher:: Triggered with /usr/lib/node_modules/corepack/shims/nodewin/corepack 62:: WatchInfo: /usr/lib/node_modules 1 undefined WatchType: node_modules for closed script infos and package.jsons affecting module specifier cache
Info 153  [14:14:27.490] DirectoryWatcher:: Triggered with /usr/lib/node_modules/corepack/shims/nodewin/corepack 63:: WatchInfo: /usr/lib/node_modules 1 undefined WatchType: node_modules for closed script infos and package.jsons affecting module specifier cache
Info 154  [14:14:27.490] Elapsed:: 0.008910179138183594ms DirectoryWatcher:: Triggered with /usr/lib/node_modules/corepack/shims/nodewin/corepack 63:: WatchInfo: /usr/lib/node_modules 1 undefined WatchType: node_modules for closed script infos and package.jsons affecting module specifier cache
Info 155  [14:14:27.490] DirectoryWatcher:: Triggered with /usr/lib/node_modules/corepack/shims/nodewin/corepack.cmd 64:: WatchInfo: /usr/lib/node_modules 1 undefined WatchType: node_modules for closed script infos and package.jsons affecting module specifier cache
Info 156  [14:14:27.490] Elapsed:: 0.0038900375366210938ms DirectoryWatcher:: Triggered with /usr/lib/node_modules/corepack/shims/nodewin/corepack.cmd 64:: WatchInfo: /usr/lib/node_modules 1 undefined WatchType: node_modules for closed script infos and package.jsons affecting module specifier cache
Info 157  [14:14:27.490] DirectoryWatcher:: Triggered with /usr/lib/node_modules/corepack/shims/nodewin/corepack.ps1 65:: WatchInfo: /usr/lib/node_modules 1 undefined WatchType: node_modules for closed script infos and package.jsons affecting module specifier cache
Info 158  [14:14:27.490] Elapsed:: 0.003999948501586914ms DirectoryWatcher:: Triggered with /usr/lib/node_modules/corepack/shims/nodewin/corepack.ps1 65:: WatchInfo: /usr/lib/node_modules 1 undefined WatchType: node_modules for closed script infos and package.jsons affecting module specifier cache
Info 159  [14:14:27.490] DirectoryWatcher:: Triggered with /usr/lib/node_modules/corepack/shims/nodewin/npm 66:: WatchInfo: /usr/lib/node_modules 1 undefined WatchType: node_modules for closed script infos and package.jsons affecting module specifier cache
Info 160  [14:14:27.490] Elapsed:: 0.00906991958618164ms DirectoryWatcher:: Triggered with /usr/lib/node_modules/corepack/shims/nodewin/npm 66:: WatchInfo: /usr/lib/node_modules 1 undefined WatchType: node_modules for closed script infos and package.jsons affecting module specifier cache
Info 161  [14:14:27.490] DirectoryWatcher:: Triggered with /usr/lib/node_modules/corepack/shims/nodewin/npm.cmd 67:: WatchInfo: /usr/lib/node_modules 1 undefined WatchType: node_modules for closed script infos and package.jsons affecting module specifier cache
Info 162  [14:14:27.490] Elapsed:: 0.0036101341247558594ms DirectoryWatcher:: Triggered with /usr/lib/node_modules/corepack/shims/nodewin/npm.cmd 67:: WatchInfo: /usr/lib/node_modules 1 undefined WatchType: node_modules for closed script infos and package.jsons affecting module specifier cache
Info 163  [14:14:27.490] DirectoryWatcher:: Triggered with /usr/lib/node_modules/corepack/shims/nodewin/npm.ps1 68:: WatchInfo: /usr/lib/node_modules 1 undefined WatchType: node_modules for closed script infos and package.jsons affecting module specifier cache
Info 164  [14:14:27.490] Elapsed:: 0.003370046615600586ms DirectoryWatcher:: Triggered with /usr/lib/node_modules/corepack/shims/nodewin/npm.ps1 68:: WatchInfo: /usr/lib/node_modules 1 undefined WatchType: node_modules for closed script infos and package.jsons affecting module specifier cache
Info 165  [14:14:27.490] DirectoryWatcher:: Triggered with /usr/lib/node_modules/corepack/shims/nodewin/npx 69:: WatchInfo: /usr/lib/node_modules 1 undefined WatchType: node_modules for closed script infos and package.jsons affecting module specifier cache
Info 166  [14:14:27.490] Elapsed:: 0.008720159530639648ms DirectoryWatcher:: Triggered with /usr/lib/node_modules/corepack/shims/nodewin/npx 69:: WatchInfo: /usr/lib/node_modules 1 undefined WatchType: node_modules for closed script infos and package.jsons affecting module specifier cache
Info 167  [14:14:27.490] DirectoryWatcher:: Triggered with /usr/lib/node_modules/corepack/shims/nodewin/npx.cmd 70:: WatchInfo: /usr/lib/node_modules 1 undefined WatchType: node_modules for closed script infos and package.jsons affecting module specifier cache
Info 168  [14:14:27.490] Elapsed:: 0.0034699440002441406ms DirectoryWatcher:: Triggered with /usr/lib/node_modules/corepack/shims/nodewin/npx.cmd 70:: WatchInfo: /usr/lib/node_modules 1 undefined WatchType: node_modules for closed script infos and package.jsons affecting module specifier cache
Info 169  [14:14:27.490] DirectoryWatcher:: Triggered with /usr/lib/node_modules/corepack/shims/nodewin/npx.ps1 71:: WatchInfo: /usr/lib/node_modules 1 undefined WatchType: node_modules for closed script infos and package.jsons affecting module specifier cache
Info 170  [14:14:27.490] Elapsed:: 0.0033998489379882812ms DirectoryWatcher:: Triggered with /usr/lib/node_modules/corepack/shims/nodewin/npx.ps1 71:: WatchInfo: /usr/lib/node_modules 1 undefined WatchType: node_modules for closed script infos and package.jsons affecting module specifier cache
Info 171  [14:14:27.490] DirectoryWatcher:: Triggered with /usr/lib/node_modules/corepack/shims/nodewin/pnpm 72:: WatchInfo: /usr/lib/node_modules 1 undefined WatchType: node_modules for closed script infos and package.jsons affecting module specifier cache
Info 172  [14:14:27.490] Elapsed:: 0.009079933166503906ms DirectoryWatcher:: Triggered with /usr/lib/node_modules/corepack/shims/nodewin/pnpm 72:: WatchInfo: /usr/lib/node_modules 1 undefined WatchType: node_modules for closed script infos and package.jsons affecting module specifier cache
Info 173  [14:14:27.490] DirectoryWatcher:: Triggered with /usr/lib/node_modules/corepack/shims/nodewin/pnpm.cmd 73:: WatchInfo: /usr/lib/node_modules 1 undefined WatchType: node_modules for closed script infos and package.jsons affecting module specifier cache
Info 174  [14:14:27.490] Elapsed:: 0.003459930419921875ms DirectoryWatcher:: Triggered with /usr/lib/node_modules/corepack/shims/nodewin/pnpm.cmd 73:: WatchInfo: /usr/lib/node_modules 1 undefined WatchType: node_modules for closed script infos and package.jsons affecting module specifier cache
Info 175  [14:14:27.490] DirectoryWatcher:: Triggered with /usr/lib/node_modules/corepack/shims/nodewin/pnpm.ps1 74:: WatchInfo: /usr/lib/node_modules 1 undefined WatchType: node_modules for closed script infos and package.jsons affecting module specifier cache
Info 176  [14:14:27.490] Elapsed:: 0.0033800601959228516ms DirectoryWatcher:: Triggered with /usr/lib/node_modules/corepack/shims/nodewin/pnpm.ps1 74:: WatchInfo: /usr/lib/node_modules 1 undefined WatchType: node_modules for closed script infos and package.jsons affecting module specifier cache
Info 177  [14:14:27.490] DirectoryWatcher:: Triggered with /usr/lib/node_modules/corepack/shims/nodewin/pnpx 75:: WatchInfo: /usr/lib/node_modules 1 undefined WatchType: node_modules for closed script infos and package.jsons affecting module specifier cache
Info 178  [14:14:27.490] Elapsed:: 0.008589029312133789ms DirectoryWatcher:: Triggered with /usr/lib/node_modules/corepack/shims/nodewin/pnpx 75:: WatchInfo: /usr/lib/node_modules 1 undefined WatchType: node_modules for closed script infos and package.jsons affecting module specifier cache
Info 179  [14:14:27.490] DirectoryWatcher:: Triggered with /usr/lib/node_modules/corepack/shims/nodewin/pnpx.cmd 76:: WatchInfo: /usr/lib/node_modules 1 undefined WatchType: node_modules for closed script infos and package.jsons affecting module specifier cache
Info 180  [14:14:27.490] Elapsed:: 0.0033800601959228516ms DirectoryWatcher:: Triggered with /usr/lib/node_modules/corepack/shims/nodewin/pnpx.cmd 76:: WatchInfo: /usr/lib/node_modules 1 undefined WatchType: node_modules for closed script infos and package.jsons affecting module specifier cache
Info 181  [14:14:27.490] DirectoryWatcher:: Triggered with /usr/lib/node_modules/corepack/shims/nodewin/pnpx.ps1 77:: WatchInfo: /usr/lib/node_modules 1 undefined WatchType: node_modules for closed script infos and package.jsons affecting module specifier cache
Info 182  [14:14:27.490] Elapsed:: 0.0032999515533447266ms DirectoryWatcher:: Triggered with /usr/lib/node_modules/corepack/shims/nodewin/pnpx.ps1 77:: WatchInfo: /usr/lib/node_modules 1 undefined WatchType: node_modules for closed script infos and package.jsons affecting module specifier cache
Info 183  [14:14:27.490] DirectoryWatcher:: Triggered with /usr/lib/node_modules/corepack/shims/nodewin/yarn 78:: WatchInfo: /usr/lib/node_modules 1 undefined WatchType: node_modules for closed script infos and package.jsons affecting module specifier cache
Info 184  [14:14:27.490] Elapsed:: 0.008939027786254883ms DirectoryWatcher:: Triggered with /usr/lib/node_modules/corepack/shims/nodewin/yarn 78:: WatchInfo: /usr/lib/node_modules 1 undefined WatchType: node_modules for closed script infos and package.jsons affecting module specifier cache
Info 185  [14:14:27.490] DirectoryWatcher:: Triggered with /usr/lib/node_modules/corepack/shims/nodewin/yarn.cmd 79:: WatchInfo: /usr/lib/node_modules 1 undefined WatchType: node_modules for closed script infos and package.jsons affecting module specifier cache
Info 186  [14:14:27.490] Elapsed:: 0.003319978713989258ms DirectoryWatcher:: Triggered with /usr/lib/node_modules/corepack/shims/nodewin/yarn.cmd 79:: WatchInfo: /usr/lib/node_modules 1 undefined WatchType: node_modules for closed script infos and package.jsons affecting module specifier cache
Info 187  [14:14:27.490] DirectoryWatcher:: Triggered with /usr/lib/node_modules/corepack/shims/nodewin/yarn.ps1 80:: WatchInfo: /usr/lib/node_modules 1 undefined WatchType: node_modules for closed script infos and package.jsons affecting module specifier cache
Info 188  [14:14:27.490] Elapsed:: 0.0039501190185546875ms DirectoryWatcher:: Triggered with /usr/lib/node_modules/corepack/shims/nodewin/yarn.ps1 80:: WatchInfo: /usr/lib/node_modules 1 undefined WatchType: node_modules for closed script infos and package.jsons affecting module specifier cache
Info 189  [14:14:27.490] DirectoryWatcher:: Triggered with /usr/lib/node_modules/corepack/shims/nodewin/yarnpkg 81:: WatchInfo: /usr/lib/node_modules 1 undefined WatchType: node_modules for closed script infos and package.jsons affecting module specifier cache
Info 190  [14:14:27.490] Elapsed:: 0.008959054946899414ms DirectoryWatcher:: Triggered with /usr/lib/node_modules/corepack/shims/nodewin/yarnpkg 81:: WatchInfo: /usr/lib/node_modules 1 undefined WatchType: node_modules for closed script infos and package.jsons affecting module specifier cache
Info 191  [14:14:27.490] DirectoryWatcher:: Triggered with /usr/lib/node_modules/corepack/shims/nodewin/yarnpkg.cmd 82:: WatchInfo: /usr/lib/node_modules 1 undefined WatchType: node_modules for closed script infos and package.jsons affecting module specifier cache
Info 192  [14:14:27.490] Elapsed:: 0.0034399032592773438ms DirectoryWatcher:: Triggered with /usr/lib/node_modules/corepack/shims/nodewin/yarnpkg.cmd 82:: WatchInfo: /usr/lib/node_modules 1 undefined WatchType: node_modules for closed script infos and package.jsons affecting module specifier cache
Info 193  [14:14:27.490] DirectoryWatcher:: Triggered with /usr/lib/node_modules/corepack/shims/nodewin/yarnpkg.ps1 83:: WatchInfo: /usr/lib/node_modules 1 undefined WatchType: node_modules for closed script infos and package.jsons affecting module specifier cache
Info 194  [14:14:27.490] Elapsed:: 0.003459930419921875ms DirectoryWatcher:: Triggered with /usr/lib/node_modules/corepack/shims/nodewin/yarnpkg.ps1 83:: WatchInfo: /usr/lib/node_modules 1 undefined WatchType: node_modules for closed script infos and package.jsons affecting module specifier cache
Info 195  [14:14:27.490] DirectoryWatcher:: Triggered with /usr/lib/node_modules/corepack/package.json 84:: WatchInfo: /usr/lib/node_modules 1 undefined WatchType: node_modules for closed script infos and package.jsons affecting module specifier cache
Info 196  [14:14:27.490] Elapsed:: 0.003799915313720703ms DirectoryWatcher:: Triggered with /usr/lib/node_modules/corepack/package.json 84:: WatchInfo: /usr/lib/node_modules 1 undefined WatchType: node_modules for closed script infos and package.jsons affecting module specifier cache
Info 197  [14:14:27.490] DirectoryWatcher:: Triggered with /usr/lib/node_modules/corepack/README.md 85:: WatchInfo: /usr/lib/node_modules 1 undefined WatchType: node_modules for closed script infos and package.jsons affecting module specifier cache
Info 198  [14:14:27.490] Elapsed:: 0.004029989242553711ms DirectoryWatcher:: Triggered with /usr/lib/node_modules/corepack/README.md 85:: WatchInfo: /usr/lib/node_modules 1 undefined WatchType: node_modules for closed script infos and package.jsons affecting module specifier cache
Info 199  [14:14:27.490] DirectoryWatcher:: Triggered with /usr/lib/node_modules/corepack/LICENSE.md 86:: WatchInfo: /usr/lib/node_modules 1 undefined WatchType: node_modules for closed script infos and package.jsons affecting module specifier cache
Info 200  [14:14:27.490] Elapsed:: 0.0033698081970214844ms DirectoryWatcher:: Triggered with /usr/lib/node_modules/corepack/LICENSE.md 86:: WatchInfo: /usr/lib/node_modules 1 undefined WatchType: node_modules for closed script infos and package.jsons affecting module specifier cache
Info 201  [14:14:27.490] DirectoryWatcher:: Triggered with /usr/lib/node_modules/corepack/CHANGELOG.md 87:: WatchInfo: /usr/lib/node_modules 1 undefined WatchType: node_modules for closed script infos and package.jsons affecting module specifier cache
Info 202  [14:14:27.490] Elapsed:: 0.003799915313720703ms DirectoryWatcher:: Triggered with /usr/lib/node_modules/corepack/CHANGELOG.md 87:: WatchInfo: /usr/lib/node_modules 1 undefined WatchType: node_modules for closed script infos and package.jsons affecting module specifier cache
Info 203  [14:14:27.490] DirectoryWatcher:: Triggered with /usr/lib/node_modules/corepack/CHANGELOG.md 88:: WatchInfo: /usr/lib/node_modules 1 undefined WatchType: node_modules for closed script infos and package.jsons affecting module specifier cache
Info 204  [14:14:27.491] Elapsed:: 0.0032699108123779297ms DirectoryWatcher:: Triggered with /usr/lib/node_modules/corepack/CHANGELOG.md 88:: WatchInfo: /usr/lib/node_modules 1 undefined WatchType: node_modules for closed script infos and package.jsons affecting module specifier cache
Info 205  [14:14:27.491] DirectoryWatcher:: Triggered with /usr/lib/node_modules/corepack/LICENSE.md 89:: WatchInfo: /usr/lib/node_modules 1 undefined WatchType: node_modules for closed script infos and package.jsons affecting module specifier cache
Info 206  [14:14:27.491] Elapsed:: 0.0031402111053466797ms DirectoryWatcher:: Triggered with /usr/lib/node_modules/corepack/LICENSE.md 89:: WatchInfo: /usr/lib/node_modules 1 undefined WatchType: node_modules for closed script infos and package.jsons affecting module specifier cache
Info 207  [14:14:27.491] DirectoryWatcher:: Triggered with /usr/lib/node_modules/corepack/README.md 90:: WatchInfo: /usr/lib/node_modules 1 undefined WatchType: node_modules for closed script infos and package.jsons affecting module specifier cache
Info 208  [14:14:27.491] Elapsed:: 0.0030798912048339844ms DirectoryWatcher:: Triggered with /usr/lib/node_modules/corepack/README.md 90:: WatchInfo: /usr/lib/node_modules 1 undefined WatchType: node_modules for closed script infos and package.jsons affecting module specifier cache
Info 209  [14:14:27.491] DirectoryWatcher:: Triggered with /usr/lib/node_modules/corepack/package.json 91:: WatchInfo: /usr/lib/node_modules 1 undefined WatchType: node_modules for closed script infos and package.jsons affecting module specifier cache
Info 210  [14:14:27.491] Elapsed:: 0.0030400753021240234ms DirectoryWatcher:: Triggered with /usr/lib/node_modules/corepack/package.json 91:: WatchInfo: /usr/lib/node_modules 1 undefined WatchType: node_modules for closed script infos and package.jsons affecting module specifier cache
Info 211  [14:14:27.491] DirectoryWatcher:: Triggered with /usr/lib/node_modules/corepack/dist/yarnpkg.js 92:: WatchInfo: /usr/lib/node_modules 1 undefined WatchType: node_modules for closed script infos and package.jsons affecting module specifier cache
Info 212  [14:14:27.491] Elapsed:: 0.0031890869140625ms DirectoryWatcher:: Triggered with /usr/lib/node_modules/corepack/dist/yarnpkg.js 92:: WatchInfo: /usr/lib/node_modules 1 undefined WatchType: node_modules for closed script infos and package.jsons affecting module specifier cache
Info 213  [14:14:27.491] DirectoryWatcher:: Triggered with /usr/lib/node_modules/corepack/dist/yarn.js 93:: WatchInfo: /usr/lib/node_modules 1 undefined WatchType: node_modules for closed script infos and package.jsons affecting module specifier cache
Info 214  [14:14:27.491] Elapsed:: 0.0033800601959228516ms DirectoryWatcher:: Triggered with /usr/lib/node_modules/corepack/dist/yarn.js 93:: WatchInfo: /usr/lib/node_modules 1 undefined WatchType: node_modules for closed script infos and package.jsons affecting module specifier cache
Info 215  [14:14:27.491] DirectoryWatcher:: Triggered with /usr/lib/node_modules/corepack/dist/pnpx.js 94:: WatchInfo: /usr/lib/node_modules 1 undefined WatchType: node_modules for closed script infos and package.jsons affecting module specifier cache
Info 216  [14:14:27.491] Elapsed:: 0.0038499832153320312ms DirectoryWatcher:: Triggered with /usr/lib/node_modules/corepack/dist/pnpx.js 94:: WatchInfo: /usr/lib/node_modules 1 undefined WatchType: node_modules for closed script infos and package.jsons affecting module specifier cache
Info 217  [14:14:27.491] DirectoryWatcher:: Triggered with /usr/lib/node_modules/corepack/dist/pnpm.js 95:: WatchInfo: /usr/lib/node_modules 1 undefined WatchType: node_modules for closed script infos and package.jsons affecting module specifier cache
Info 218  [14:14:27.491] Elapsed:: 0.003170013427734375ms DirectoryWatcher:: Triggered with /usr/lib/node_modules/corepack/dist/pnpm.js 95:: WatchInfo: /usr/lib/node_modules 1 undefined WatchType: node_modules for closed script infos and package.jsons affecting module specifier cache
Info 219  [14:14:27.491] DirectoryWatcher:: Triggered with /usr/lib/node_modules/corepack/dist/npx.js 96:: WatchInfo: /usr/lib/node_modules 1 undefined WatchType: node_modules for closed script infos and package.jsons affecting module specifier cache
Info 220  [14:14:27.491] Elapsed:: 0.003200054168701172ms DirectoryWatcher:: Triggered with /usr/lib/node_modules/corepack/dist/npx.js 96:: WatchInfo: /usr/lib/node_modules 1 undefined WatchType: node_modules for closed script infos and package.jsons affecting module specifier cache
Info 221  [14:14:27.491] DirectoryWatcher:: Triggered with /usr/lib/node_modules/corepack/dist/npm.js 97:: WatchInfo: /usr/lib/node_modules 1 undefined WatchType: node_modules for closed script infos and package.jsons affecting module specifier cache
Info 222  [14:14:27.491] Elapsed:: 0.0031800270080566406ms DirectoryWatcher:: Triggered with /usr/lib/node_modules/corepack/dist/npm.js 97:: WatchInfo: /usr/lib/node_modules 1 undefined WatchType: node_modules for closed script infos and package.jsons affecting module specifier cache
Info 223  [14:14:27.491] DirectoryWatcher:: Triggered with /usr/lib/node_modules/corepack/dist/corepack.js 98:: WatchInfo: /usr/lib/node_modules 1 undefined WatchType: node_modules for closed script infos and package.jsons affecting module specifier cache
Info 224  [14:14:27.491] Elapsed:: 0.005259037017822266ms DirectoryWatcher:: Triggered with /usr/lib/node_modules/corepack/dist/corepack.js 98:: WatchInfo: /usr/lib/node_modules 1 undefined WatchType: node_modules for closed script infos and package.jsons affecting module specifier cache
Info 225  [14:14:27.491] DirectoryWatcher:: Triggered with /usr/lib/node_modules/corepack/dist/corepack.js 99:: WatchInfo: /usr/lib/node_modules 1 undefined WatchType: node_modules for closed script infos and package.jsons affecting module specifier cache
Info 226  [14:14:27.491] Elapsed:: 0.003300189971923828ms DirectoryWatcher:: Triggered with /usr/lib/node_modules/corepack/dist/corepack.js 99:: WatchInfo: /usr/lib/node_modules 1 undefined WatchType: node_modules for closed script infos and package.jsons affecting module specifier cache
Info 227  [14:14:27.491] DirectoryWatcher:: Triggered with /usr/lib/node_modules/corepack/dist/npm.js 100:: WatchInfo: /usr/lib/node_modules 1 undefined WatchType: node_modules for closed script infos and package.jsons affecting module specifier cache
Info 228  [14:14:27.491] Elapsed:: 0.0033299922943115234ms DirectoryWatcher:: Triggered with /usr/lib/node_modules/corepack/dist/npm.js 100:: WatchInfo: /usr/lib/node_modules 1 undefined WatchType: node_modules for closed script infos and package.jsons affecting module specifier cache
Info 229  [14:14:27.491] DirectoryWatcher:: Triggered with /usr/lib/node_modules/corepack/dist/npx.js 101:: WatchInfo: /usr/lib/node_modules 1 undefined WatchType: node_modules for closed script infos and package.jsons affecting module specifier cache
Info 230  [14:14:27.491] Elapsed:: 0.003100156784057617ms DirectoryWatcher:: Triggered with /usr/lib/node_modules/corepack/dist/npx.js 101:: WatchInfo: /usr/lib/node_modules 1 undefined WatchType: node_modules for closed script infos and package.jsons affecting module specifier cache
Info 231  [14:14:27.491] DirectoryWatcher:: Triggered with /usr/lib/node_modules/corepack/dist/pnpm.js 102:: WatchInfo: /usr/lib/node_modules 1 undefined WatchType: node_modules for closed script infos and package.jsons affecting module specifier cache
Info 232  [14:14:27.491] Elapsed:: 0.003139972686767578ms DirectoryWatcher:: Triggered with /usr/lib/node_modules/corepack/dist/pnpm.js 102:: WatchInfo: /usr/lib/node_modules 1 undefined WatchType: node_modules for closed script infos and package.jsons affecting module specifier cache
Info 233  [14:14:27.491] DirectoryWatcher:: Triggered with /usr/lib/node_modules/corepack/dist/pnpx.js 103:: WatchInfo: /usr/lib/node_modules 1 undefined WatchType: node_modules for closed script infos and package.jsons affecting module specifier cache
Info 234  [14:14:27.491] Elapsed:: 0.0031189918518066406ms DirectoryWatcher:: Triggered with /usr/lib/node_modules/corepack/dist/pnpx.js 103:: WatchInfo: /usr/lib/node_modules 1 undefined WatchType: node_modules for closed script infos and package.jsons affecting module specifier cache
Info 235  [14:14:27.491] DirectoryWatcher:: Triggered with /usr/lib/node_modules/corepack/dist/yarn.js 104:: WatchInfo: /usr/lib/node_modules 1 undefined WatchType: node_modules for closed script infos and package.jsons affecting module specifier cache
Info 236  [14:14:27.491] Elapsed:: 0.003050088882446289ms DirectoryWatcher:: Triggered with /usr/lib/node_modules/corepack/dist/yarn.js 104:: WatchInfo: /usr/lib/node_modules 1 undefined WatchType: node_modules for closed script infos and package.jsons affecting module specifier cache
Info 237  [14:14:27.491] DirectoryWatcher:: Triggered with /usr/lib/node_modules/corepack/dist/yarnpkg.js 105:: WatchInfo: /usr/lib/node_modules 1 undefined WatchType: node_modules for closed script infos and package.jsons affecting module specifier cache
Info 238  [14:14:27.491] Elapsed:: 0.0032501220703125ms DirectoryWatcher:: Triggered with /usr/lib/node_modules/corepack/dist/yarnpkg.js 105:: WatchInfo: /usr/lib/node_modules 1 undefined WatchType: node_modules for closed script infos and package.jsons affecting module specifier cache
Info 239  [14:14:27.491] DirectoryWatcher:: Triggered with /usr/lib/node_modules/corepack/dist/lib/corepack.cjs 106:: WatchInfo: /usr/lib/node_modules 1 undefined WatchType: node_modules for closed script infos and package.jsons affecting module specifier cache
Info 240  [14:14:27.491] Elapsed:: 0.003259897232055664ms DirectoryWatcher:: Triggered with /usr/lib/node_modules/corepack/dist/lib/corepack.cjs 106:: WatchInfo: /usr/lib/node_modules 1 undefined WatchType: node_modules for closed script infos and package.jsons affecting module specifier cache
Info 241  [14:14:27.491] DirectoryWatcher:: Triggered with /usr/lib/node_modules/corepack/dist/lib/corepack.cjs 107:: WatchInfo: /usr/lib/node_modules 1 undefined WatchType: node_modules for closed script infos and package.jsons affecting module specifier cache
Info 242  [14:14:27.491] Elapsed:: 0.0032300949096679688ms DirectoryWatcher:: Triggered with /usr/lib/node_modules/corepack/dist/lib/corepack.cjs 107:: WatchInfo: /usr/lib/node_modules 1 undefined WatchType: node_modules for closed script infos and package.jsons affecting module specifier cache
